# Orquestador inicio 2026-05-08 02:28:02.471276
# Seleccion: ['imagenes', 'precios', 'geografia', 'consolidar']


======================================================================
[imagenes] 01_descargar_imagenes_cafe.py
======================================================================
C:\Users\USER\AppData\Local\Packages\PythonSoftwareFoundation.Python.3.12_qbz5n2kfra8p0\LocalCache\local-packages\Python312\site-packages\requests\__init__.py:113: RequestsDependencyWarning: urllib3 (2.7.0) or chardet (7.2.0)/charset_normalizer (3.4.1) doesn't match a supported version!
  warnings.warn(
======================================================================
 Descarga de datasets publicos de hojas de cafe - Entrega Final v3
======================================================================
Salida: C:\Users\USER\OneDrive - Universidad Autonoma de Occidente\7 mo semestre\IA\IA_Proyecto\IA_Entrega_Final\01_datos\imagenes_cafe\raw

[1/4] RoCoLe (Mendeley) ...
Traceback (most recent call last):
  File "C:\Users\USER\OneDrive - Universidad Autonoma de Occidente\7 mo semestre\IA\IA_Proyecto\IA_Entrega_Final\03_scripts\descarga\01_descargar_imagenes_cafe.py", line 394, in <module>
    sys.exit(main())
             ^^^^^^
  File "C:\Users\USER\OneDrive - Universidad Autonoma de Occidente\7 mo semestre\IA\IA_Proyecto\IA_Entrega_Final\03_scripts\descarga\01_descargar_imagenes_cafe.py", line 377, in main
    resultados[nombre] = fn(out)
                         ^^^^^^^
  File "C:\Users\USER\OneDrive - Universidad Autonoma de Occidente\7 mo semestre\IA\IA_Proyecto\IA_Entrega_Final\03_scripts\descarga\01_descargar_imagenes_cafe.py", line 168, in descargar_rocole
    if f.get("filename", "").lower().endswith(
       ^^^^^
AttributeError: 'str' object has no attribute 'get'

======================================================================
[precios] 02_descargar_precios_extendidos.py
======================================================================
C:\Users\USER\AppData\Local\Packages\PythonSoftwareFoundation.Python.3.12_qbz5n2kfra8p0\LocalCache\local-packages\Python312\site-packages\requests\__init__.py:113: RequestsDependencyWarning: urllib3 (2.7.0) or chardet (7.2.0)/charset_normalizer (3.4.1) doesn't match a supported version!
  warnings.warn(
======================================================================
 Descarga de precios extendidos del cafe - Entrega Final
======================================================================
Salida: C:\Users\USER\OneDrive - Universidad Autonoma de Occidente\7 mo semestre\IA\IA_Proyecto\IA_Entrega_Final\01_datos\enriquecidos\precios

[1/5] FRED - Cafe Brasil + Robusta (1990-presente, API key oficial)
   OK fred_coffee_brazil.csv: 411 obs
   OK fred_coffee_robusta.csv: 411 obs

[2/5] World Bank - Pink Sheet Commodity ...
   OK world_bank_coffee.csv: 780 obs

[3/5] IMF - Primary Commodity (DataMapper API) ...
   WARN DataMapper sin datos - intentando fallback XLS ...
   FAIL XLS https://www.imf.org/-/media/Files/Research/CommodityPrices/Monthly/external-data.ashx: Excel file format cannot be determined, you must specify an engine manually.
   OK imf_coffee.csv (XLS): 453 obs

[4/5] BanRep TRM (USD/COP) - primario yfinance ...
   OK banrep_trm.csv (yfinance): 272 obs

[5/5] ICO - Composite indicator price ...
   WARN scraping ICO: 404 Client Error: Not Found for url: https://ico.org/coffee_prices.asp
   FAIL No se encontro XLS de ICO disponible
   Descarga manual: https://www.ico.org/coffee_prices.asp

[consolidar] Uniendo fuentes (enriquecidos/ + originales/) a mensual ...
   incluyendo 2 archivo(s) manual(es) de originales/precios/:
     - fnc_cafe_mensual.csv
     - ICO_precios_cafe.csv
   WARN imf_coffee.csv: sin columna 'fecha', omitido
   OK precios_consolidados_mensual.csv: 797 meses (1960-01-01 -> 2026-05-01)

  fuentes OK: 4/5  -> {'fred': True, 'wb': True, 'imf': True, 'banrep': True, 'ico': False}

OK Listo. Siguiente: 03_descargar_clima_satelital.py

======================================================================
[geografia] 05_descargar_dem_suelos.py
======================================================================
C:\Users\USER\AppData\Local\Packages\PythonSoftwareFoundation.Python.3.12_qbz5n2kfra8p0\LocalCache\local-packages\Python312\site-packages\requests\__init__.py:113: RequestsDependencyWarning: urllib3 (2.7.0) or chardet (7.2.0)/charset_normalizer (3.4.1) doesn't match a supported version!
  warnings.warn(
======================================================================
 Descarga DEM + Suelos (variables agronomicas)
======================================================================

[DEM] consultando altitud SRTM via Open-Elevation ...
   Neiva              (Huila         ) -> 459.0 msnm
   Medellin           (Antioquia     ) -> 1481.0 msnm
   Pasto              (Narino        ) -> 2544.0 msnm
   Manizales          (Caldas        ) -> 2107.0 msnm
   Armenia            (Quindio       ) -> 1480.0 msnm
   Pereira            (Risaralda     ) -> 1411.0 msnm
   Ibague             (Tolima        ) -> 1225.0 msnm
   Cali               (Valle         ) -> 1016.0 msnm
   Popayan            (Cauca         ) -> 1729.0 msnm
   Florencia          (Caqueta       ) -> 264.0 msnm
   Cucuta             (N. Santander  ) -> 310.0 msnm
   Bucaramanga        (Santander     ) -> 968.0 msnm
   Tunja              (Boyaca        ) -> 2694.0 msnm
   Agua de Dios       (Cundinamarca  ) -> 382.0 msnm
   Monteria           (Cordoba       ) -> 20.0 msnm
   Riohacha           (Guajira       ) -> 7.0 msnm
   Santa Marta        (Magdalena     ) -> 13.0 msnm
   Villamaria         (Caldas        ) -> 1867.0 msnm
   Salento            (Quindio       ) -> 1990.0 msnm
   Salamina           (Caldas        ) -> 1781.0 msnm
   Marsella           (Risaralda     ) -> 1544.0 msnm

   OK dem_municipal_altitud.csv: 21 municipios

[SoilGrids] consultando suelos (parser v3 con diagnostico) ...
   Neiva              pH=?  SOC=?  (ok | retry-0-5: ok)
   Medellin           pH=?  SOC=?  (ok | retry-0-5: ok)
   Pasto              pH=?  SOC=?  (ok | retry-0-5: ok)
   Manizales          pH=?  SOC=?  (ok | retry-0-5: ok)
   Armenia            pH=?  SOC=?  (ok | retry-0-5: ok)
   Pereira            pH=?  SOC=?  (ok | retry-0-5: ok)
   Ibague             pH=?  SOC=?  (ok | retry-0-5: ok)
   Cali               pH=?  SOC=?  (ok | retry-0-5: ok)
   Popayan            pH=?  SOC=?  (ok | retry-0-5: ok)
   Florencia          pH=?  SOC=?  (ok | retry-0-5: ok)
   Cucuta             pH=?  SOC=?  (ok | retry-0-5: ok)
   Bucaramanga        pH=?  SOC=?  (ok | retry-0-5: ok)
   Tunja              pH=?  SOC=?  (ok | retry-0-5: ok)
   Agua de Dios       pH=?  SOC=?  (ok | retry-0-5: ok)
   Monteria           pH=?  SOC=?  (ok | retry-0-5: ok)
   Riohacha           pH=?  SOC=?  (ok | retry-0-5: ok)
   Santa Marta        pH=?  SOC=?  (ok | retry-0-5: ok)
   Villamaria         pH=5.40  SOC=54.0
   Salento            pH=?  SOC=?  (ok | retry-0-5: ok)
   Salamina           pH=?  SOC=?  (ok | retry-0-5: ok)
   Marsella           pH=?  SOC=?  (ok | retry-0-5: ok)

   OK soilgrids_municipal.csv: 21 municipios (1 con pH valido)
   Si la mayoria fallo, revisa la columna 'diag' del CSV o:
   - reejecuta 'python 05_descargar_dem_suelos.py' tras unos minutos
   - el endpoint de ISRIC a veces tiene caidas

  altitud OK : 21/21
  suelos OK  : 1/21

OK Listo.

======================================================================
[consolidar] 06_consolidar_imagenes.py
======================================================================
======================================================================
 Consolidacion de imagenes cafe - todas las fuentes
======================================================================
[recoleccion] escaneando imagenes raw ...
   incluyendo CALIBRO desde C:\Users\USER\OneDrive - Universidad Autonoma de Occidente\7 mo semestre\IA\IA_Proyecto\IA_Segunda_Entrega\datasets\calibro_imagenes
   OK 47 imagenes con clase canonica detectada

   Distribucion por clase:
     Gotera      : 32
     Roya        : 15

[copiar] organizando archivos ...
   OK manifest_consolidado.csv: 47 imagenes

   train: 32
   val:   6
   test:  9

OK Listo. Imagenes consolidadas en C:\Users\USER\OneDrive - Universidad Autonoma de Occidente\7 mo semestre\IA\IA_Proyecto\IA_Entrega_Final\01_datos\imagenes_cafe
   Siguiente: 02_notebooks/NB08_CNN_dataset_ampliado.ipynb
