# Orquestador inicio 2026-05-08 06:00:44.703790
# Seleccion: ['imagenes', 'geografia', 'consolidar']


======================================================================
[imagenes] 01_descargar_imagenes_cafe.py
======================================================================
C:\Users\USER\AppData\Local\Packages\PythonSoftwareFoundation.Python.3.12_qbz5n2kfra8p0\LocalCache\local-packages\Python312\site-packages\requests\__init__.py:113: RequestsDependencyWarning: urllib3 (2.7.0) or chardet (7.2.0)/charset_normalizer (3.4.1) doesn't match a supported version!
  warnings.warn(
======================================================================
 Descarga de datasets publicos de hojas de cafe - Entrega Final v3
======================================================================
Salida: C:\Users\USER\OneDrive - Universidad Autonoma de Occidente\7 mo semestre\IA\IA_Proyecto\IA_Entrega_Final\01_datos\imagenes_cafe\raw

[1/4] RoCoLe ...
   probando Kaggle mirror nirmalsankalana/rocole-... ...
Dataset URL: https://www.kaggle.com/datasets/nirmalsankalana/rocole-a-robusta-coffee-leaf-images-dataset
Downloading rocole-a-robusta-coffee-leaf-images-dataset.zip to C:\Users\USER\OneDrive - Universidad Autonoma de Occidente\7 mo semestre\IA\IA_Proyecto\IA_Entrega_Final\01_datos\imagenes_cafe\raw\rocole

  0%|          | 0.00/388M [00:00<?, ?B/s]
  0%|          | 1.00M/388M [00:00<01:19, 5.12MB/s]
  1%|          | 3.00M/388M [00:00<00:36, 11.0MB/s]
  2%|1         | 7.00M/388M [00:00<00:18, 21.4MB/s]
  3%|2         | 10.0M/388M [00:00<00:16, 24.0MB/s]
  4%|3         | 14.0M/388M [00:00<00:14, 27.9MB/s]
  5%|4         | 18.0M/388M [00:00<00:12, 31.8MB/s]
  6%|5         | 23.0M/388M [00:02<00:50, 7.52MB/s]
  7%|6         | 26.0M/388M [00:02<00:40, 9.25MB/s]
  8%|7         | 31.0M/388M [00:02<00:28, 13.2MB/s]
  9%|9         | 36.0M/388M [00:02<00:21, 17.1MB/s]
 10%|#         | 40.0M/388M [00:02<00:17, 20.5MB/s]
 11%|#1        | 44.0M/388M [00:02<00:15, 23.9MB/s]
 12%|#2        | 48.0M/388M [00:02<00:13, 27.3MB/s]
 13%|#3        | 52.0M/388M [00:03<00:14, 25.1MB/s]
 14%|#4        | 56.0M/388M [00:03<00:16, 21.0MB/s]
 15%|#5        | 60.0M/388M [00:03<00:14, 24.4MB/s]
 17%|#6        | 64.0M/388M [00:03<00:12, 27.1MB/s]
 18%|#7        | 68.0M/388M [00:03<00:11, 29.5MB/s]
 19%|#8        | 72.0M/388M [00:03<00:10, 31.4MB/s]
 20%|#9        | 76.0M/388M [00:04<00:28, 11.4MB/s]
 21%|##        | 80.0M/388M [00:04<00:22, 14.5MB/s]
 22%|##1       | 85.0M/388M [00:04<00:16, 18.9MB/s]
 23%|##2       | 89.0M/388M [00:05<00:14, 22.3MB/s]
 24%|##3       | 93.0M/388M [00:05<00:28, 10.9MB/s]
 25%|##5       | 97.0M/388M [00:06<00:22, 13.5MB/s]
 26%|##6       | 101M/388M [00:06<00:17, 16.9MB/s] 
 27%|##7       | 106M/388M [00:06<00:13, 21.6MB/s]
 28%|##8       | 110M/388M [00:06<00:12, 24.0MB/s]
 30%|##9       | 115M/388M [00:06<00:10, 28.5MB/s]
 31%|###       | 119M/388M [00:06<00:12, 23.0MB/s]
 32%|###1      | 123M/388M [00:06<00:10, 25.4MB/s]
 33%|###2      | 127M/388M [00:07<00:24, 11.1MB/s]
 34%|###3      | 131M/388M [00:07<00:19, 14.0MB/s]
 35%|###4      | 135M/388M [00:08<00:15, 17.4MB/s]
 36%|###6      | 140M/388M [00:08<00:11, 21.8MB/s]
 37%|###7      | 144M/388M [00:08<00:21, 11.8MB/s]
 38%|###8      | 148M/388M [00:09<00:16, 14.8MB/s]
 39%|###9      | 153M/388M [00:09<00:12, 19.1MB/s]
 41%|####      | 157M/388M [00:09<00:10, 22.4MB/s]
 42%|####1     | 161M/388M [00:09<00:10, 22.6MB/s]
 43%|####2     | 165M/388M [00:09<00:09, 24.9MB/s]
 44%|####3     | 169M/388M [00:09<00:08, 28.1MB/s]
 45%|####4     | 174M/388M [00:09<00:07, 31.8MB/s]
 46%|####5     | 178M/388M [00:10<00:19, 11.2MB/s]
 47%|####7     | 183M/388M [00:10<00:14, 14.8MB/s]
 48%|####8     | 187M/388M [00:11<00:11, 18.0MB/s]
 50%|####9     | 192M/388M [00:11<00:09, 22.3MB/s]
 51%|#####     | 196M/388M [00:11<00:16, 12.0MB/s]
 51%|#####1    | 199M/388M [00:12<00:14, 13.7MB/s]
 52%|#####2    | 202M/388M [00:12<00:12, 15.4MB/s]
 53%|#####3    | 206M/388M [00:12<00:10, 18.9MB/s]
 54%|#####4    | 210M/388M [00:12<00:08, 22.6MB/s]
 55%|#####5    | 215M/388M [00:12<00:06, 27.2MB/s]
 57%|#####6    | 219M/388M [00:12<00:05, 30.3MB/s]
 58%|#####7    | 224M/388M [00:12<00:05, 33.8MB/s]
 59%|#####8    | 228M/388M [00:14<00:19, 8.40MB/s]
 60%|#####9    | 231M/388M [00:14<00:16, 10.1MB/s]
 61%|######    | 236M/388M [00:14<00:11, 13.8MB/s]
 62%|######1   | 240M/388M [00:14<00:09, 17.1MB/s]
 63%|######3   | 245M/388M [00:14<00:06, 21.6MB/s]
 65%|######4   | 250M/388M [00:14<00:05, 26.0MB/s]
 66%|######5   | 254M/388M [00:14<00:05, 25.0MB/s]
 67%|######6   | 258M/388M [00:15<00:04, 28.0MB/s]
 68%|######7   | 262M/388M [00:15<00:10, 12.7MB/s]
 69%|######8   | 266M/388M [00:15<00:08, 15.6MB/s]
 70%|######9   | 271M/388M [00:16<00:06, 20.0MB/s]
 71%|#######   | 275M/388M [00:16<00:05, 23.2MB/s]
 72%|#######1  | 279M/388M [00:16<00:05, 21.2MB/s]
 73%|#######3  | 284M/388M [00:16<00:04, 25.8MB/s]
 74%|#######4  | 288M/388M [00:16<00:03, 28.7MB/s]
 75%|#######5  | 292M/388M [00:17<00:11, 8.66MB/s]
 76%|#######6  | 295M/388M [00:18<00:09, 9.88MB/s]
 77%|#######7  | 299M/388M [00:18<00:07, 12.9MB/s]
 78%|#######8  | 304M/388M [00:18<00:05, 17.2MB/s]
 79%|#######9  | 308M/388M [00:18<00:04, 18.1MB/s]
 80%|########  | 311M/388M [00:18<00:04, 18.3MB/s]
 81%|########1 | 315M/388M [00:18<00:03, 19.1MB/s]
 83%|########2 | 320M/388M [00:19<00:02, 23.8MB/s]
 83%|########3 | 323M/388M [00:19<00:03, 21.7MB/s]
 84%|########4 | 326M/388M [00:19<00:03, 19.6MB/s]
 85%|########5 | 330M/388M [00:19<00:02, 22.9MB/s]
 86%|########6 | 334M/388M [00:19<00:02, 26.4MB/s]
 87%|########7 | 338M/388M [00:19<00:01, 29.8MB/s]
 88%|########8 | 343M/388M [00:20<00:03, 11.7MB/s]
 89%|########9 | 346M/388M [00:20<00:03, 12.0MB/s]
 90%|######### | 350M/388M [00:21<00:02, 15.2MB/s]
 92%|#########1| 355M/388M [00:21<00:01, 19.6MB/s]
 93%|#########2| 359M/388M [00:21<00:01, 22.7MB/s]
 94%|#########3| 363M/388M [00:21<00:01, 24.3MB/s]
 95%|#########4| 368M/388M [00:21<00:00, 29.1MB/s]
 96%|#########5| 372M/388M [00:21<00:00, 31.5MB/s]
 97%|#########7| 376M/388M [00:21<00:00, 32.9MB/s]
 98%|#########8| 380M/388M [00:23<00:00, 8.53MB/s]
 99%|#########9| 385M/388M [00:23<00:00, 11.7MB/s]
100%|##########| 388M/388M [00:23<00:00, 17.4MB/s]

   OK RoCoLe (Kaggle mirror) en C:\Users\USER\OneDrive - Universidad Autonoma de Occidente\7 mo semestre\IA\IA_Proyecto\IA_Entrega_Final\01_datos\imagenes_cafe\raw\rocole

[2/4] BRACOL (Kaggle) ...
   probando jonatanfragoso/bracol-for-yolov8-detection ...
Dataset URL: https://www.kaggle.com/datasets/jonatanfragoso/bracol-for-yolov8-detection
Downloading bracol-for-yolov8-detection.zip to C:\Users\USER\OneDrive - Universidad Autonoma de Occidente\7 mo semestre\IA\IA_Proyecto\IA_Entrega_Final\01_datos\imagenes_cafe\raw\bracol

  0%|          | 0.00/320M [00:00<?, ?B/s]
  0%|          | 1.00M/320M [00:00<02:03, 2.70MB/s]
  1%|1         | 4.00M/320M [00:00<00:33, 9.88MB/s]
  3%|2         | 8.00M/320M [00:00<00:18, 17.8MB/s]
  3%|3         | 11.0M/320M [00:00<00:19, 16.4MB/s]
  4%|4         | 14.0M/320M [00:00<00:18, 17.8MB/s]
  5%|5         | 17.0M/320M [00:01<00:16, 18.9MB/s]
  7%|6         | 21.0M/320M [00:01<00:15, 20.1MB/s]
  8%|7         | 25.0M/320M [00:01<00:12, 24.2MB/s]
  9%|9         | 29.0M/320M [00:01<00:11, 27.6MB/s]
 10%|#         | 33.0M/320M [00:01<00:11, 26.9MB/s]
 12%|#1        | 38.0M/320M [00:01<00:09, 31.1MB/s]
 13%|#3        | 42.0M/320M [00:02<00:13, 21.6MB/s]
 15%|#4        | 47.0M/320M [00:02<00:10, 26.7MB/s]
 16%|#6        | 52.0M/320M [00:02<00:09, 30.2MB/s]
 18%|#7        | 57.0M/320M [00:02<00:08, 33.6MB/s]
 19%|#9        | 61.0M/320M [00:03<00:24, 11.0MB/s]
 20%|##        | 65.0M/320M [00:03<00:19, 13.7MB/s]
 22%|##1       | 70.0M/320M [00:03<00:14, 17.6MB/s]
 23%|##3       | 75.0M/320M [00:04<00:14, 18.1MB/s]
 25%|##4       | 79.0M/320M [00:04<00:11, 21.3MB/s]
 26%|##6       | 84.0M/320M [00:04<00:09, 25.4MB/s]
 28%|##7       | 88.0M/320M [00:04<00:12, 19.4MB/s]
 28%|##8       | 91.0M/320M [00:04<00:12, 19.2MB/s]
 29%|##9       | 94.0M/320M [00:05<00:15, 15.1MB/s]
 30%|###       | 96.0M/320M [00:05<00:14, 15.7MB/s]
 31%|###       | 98.0M/320M [00:05<00:14, 15.8MB/s]
 32%|###1      | 102M/320M [00:05<00:12, 18.3MB/s] 
 33%|###3      | 106M/320M [00:05<00:10, 22.2MB/s]
 34%|###4      | 109M/320M [00:06<00:14, 15.1MB/s]
 36%|###5      | 114M/320M [00:06<00:11, 19.3MB/s]
 37%|###6      | 118M/320M [00:06<00:09, 22.6MB/s]
 38%|###8      | 122M/320M [00:06<00:08, 25.5MB/s]
 39%|###9      | 125M/320M [00:06<00:07, 26.3MB/s]
 40%|####      | 128M/320M [00:07<00:23, 8.66MB/s]
 42%|####1     | 133M/320M [00:07<00:15, 12.4MB/s]
 43%|####2     | 137M/320M [00:07<00:12, 15.8MB/s]
 44%|####4     | 142M/320M [00:08<00:09, 20.4MB/s]
 46%|####5     | 146M/320M [00:08<00:07, 23.0MB/s]
 47%|####6     | 150M/320M [00:08<00:09, 18.1MB/s]
 48%|####7     | 153M/320M [00:08<00:08, 19.7MB/s]
 49%|####9     | 157M/320M [00:08<00:07, 23.5MB/s]
 50%|#####     | 161M/320M [00:09<00:14, 11.7MB/s]
 51%|#####1    | 164M/320M [00:09<00:11, 13.8MB/s]
 53%|#####2    | 169M/320M [00:09<00:08, 18.3MB/s]
 54%|#####4    | 174M/320M [00:09<00:06, 22.8MB/s]
 56%|#####5    | 178M/320M [00:10<00:13, 11.3MB/s]
 57%|#####6    | 181M/320M [00:10<00:10, 13.3MB/s]
 58%|#####8    | 186M/320M [00:10<00:07, 17.6MB/s]
 60%|#####9    | 191M/320M [00:11<00:06, 21.9MB/s]
 61%|######1   | 196M/320M [00:11<00:04, 26.0MB/s]
 63%|######2   | 201M/320M [00:11<00:04, 29.6MB/s]
 64%|######4   | 205M/320M [00:11<00:03, 30.9MB/s]
 65%|######5   | 209M/320M [00:11<00:03, 33.0MB/s]
 67%|######6   | 213M/320M [00:12<00:09, 11.6MB/s]
 68%|######7   | 217M/320M [00:12<00:07, 14.5MB/s]
 69%|######9   | 222M/320M [00:12<00:05, 18.6MB/s]
 71%|#######   | 226M/320M [00:12<00:04, 22.0MB/s]
 72%|#######1  | 230M/320M [00:13<00:05, 16.8MB/s]
 73%|#######3  | 234M/320M [00:13<00:04, 19.8MB/s]
 74%|#######4  | 238M/320M [00:13<00:03, 22.9MB/s]
 76%|#######5  | 242M/320M [00:13<00:03, 25.1MB/s]
 77%|#######6  | 246M/320M [00:14<00:07, 10.8MB/s]
 78%|#######7  | 249M/320M [00:14<00:05, 12.4MB/s]
 79%|#######9  | 254M/320M [00:14<00:04, 16.8MB/s]
 81%|########  | 258M/320M [00:14<00:03, 20.4MB/s]
 82%|########2 | 263M/320M [00:15<00:03, 15.5MB/s]
 83%|########3 | 267M/320M [00:15<00:02, 18.6MB/s]
 84%|########4 | 270M/320M [00:15<00:02, 20.3MB/s]
 85%|########5 | 273M/320M [00:15<00:02, 21.4MB/s]
 86%|########6 | 276M/320M [00:15<00:02, 21.2MB/s]
 87%|########7 | 279M/320M [00:16<00:02, 18.7MB/s]
 88%|########8 | 282M/320M [00:16<00:01, 21.0MB/s]
 89%|########9 | 286M/320M [00:16<00:01, 25.4MB/s]
 90%|######### | 289M/320M [00:16<00:01, 26.6MB/s]
 91%|#########1| 292M/320M [00:16<00:01, 27.6MB/s]
 92%|#########2| 295M/320M [00:16<00:00, 27.9MB/s]
 93%|#########3| 298M/320M [00:17<00:03, 6.69MB/s]
 94%|#########4| 302M/320M [00:18<00:01, 9.37MB/s]
 96%|#########5| 306M/320M [00:18<00:01, 12.3MB/s]
 97%|#########6| 310M/320M [00:18<00:00, 15.9MB/s]
 98%|#########8| 314M/320M [00:18<00:00, 19.6MB/s]
100%|#########9| 319M/320M [00:18<00:00, 24.9MB/s]
100%|##########| 320M/320M [00:18<00:00, 18.1MB/s]

   OK BRACOL (jonatanfragoso/bracol-for-yolov8-detection) en C:\Users\USER\OneDrive - Universidad Autonoma de Occidente\7 mo semestre\IA\IA_Proyecto\IA_Entrega_Final\01_datos\imagenes_cafe\raw\bracol

[3/4] JMuBEN - dataset grande (~5GB) ...
   limpiando zip invalido jmuben.zip
   probando Kaggle mirror noamaanabdulazeem/jmuben-coffee-dataset ...
Dataset URL: https://www.kaggle.com/datasets/noamaanabdulazeem/jmuben-coffee-dataset
Downloading jmuben-coffee-dataset.zip to C:\Users\USER\OneDrive - Universidad Autonoma de Occidente\7 mo semestre\IA\IA_Proyecto\IA_Entrega_Final\01_datos\imagenes_cafe\raw\jmuben

  0%|          | 0.00/773M [00:00<?, ?B/s]
  0%|          | 1.00M/773M [00:00<05:07, 2.63MB/s]
  1%|          | 4.00M/773M [00:00<01:23, 9.68MB/s]
  1%|1         | 8.00M/773M [00:00<00:45, 17.8MB/s]
  2%|1         | 12.0M/773M [00:00<00:33, 23.6MB/s]
  2%|1         | 15.0M/773M [00:01<00:47, 16.6MB/s]
  2%|2         | 18.0M/773M [00:01<00:56, 13.9MB/s]
  3%|2         | 22.0M/773M [00:01<00:42, 18.6MB/s]
  3%|3         | 26.0M/773M [00:01<00:33, 23.1MB/s]
  4%|4         | 31.0M/773M [00:01<00:27, 27.8MB/s]
  5%|4         | 36.0M/773M [00:01<00:23, 32.7MB/s]
  5%|5         | 40.0M/773M [00:01<00:23, 33.4MB/s]
  6%|5         | 44.0M/773M [00:02<00:21, 34.8MB/s]
  6%|6         | 48.0M/773M [00:03<01:13, 10.4MB/s]
  7%|6         | 52.0M/773M [00:03<00:56, 13.3MB/s]
  7%|7         | 56.0M/773M [00:03<00:45, 16.6MB/s]
  8%|7         | 60.0M/773M [00:03<00:37, 20.2MB/s]
  8%|8         | 64.0M/773M [00:03<00:31, 23.7MB/s]
  9%|8         | 68.0M/773M [00:03<00:27, 26.9MB/s]
  9%|9         | 72.0M/773M [00:03<00:24, 29.8MB/s]
 10%|9         | 77.0M/773M [00:03<00:21, 33.4MB/s]
 10%|#         | 81.0M/773M [00:04<00:43, 16.7MB/s]
 11%|#         | 84.0M/773M [00:04<00:40, 18.0MB/s]
 11%|#1        | 87.0M/773M [00:04<00:38, 18.5MB/s]
 12%|#1        | 90.0M/773M [00:04<00:36, 19.5MB/s]
 12%|#2        | 93.0M/773M [00:04<00:35, 20.3MB/s]
 12%|#2        | 96.0M/773M [00:05<00:34, 20.7MB/s]
 13%|#2        | 99.0M/773M [00:05<00:52, 13.5MB/s]
 13%|#3        | 103M/773M [00:05<00:40, 17.5MB/s] 
 14%|#3        | 108M/773M [00:05<00:30, 22.8MB/s]
 14%|#4        | 112M/773M [00:05<00:26, 26.3MB/s]
 15%|#5        | 116M/773M [00:06<01:06, 10.4MB/s]
 16%|#5        | 121M/773M [00:06<00:48, 14.2MB/s]
 16%|#6        | 125M/773M [00:07<00:38, 17.5MB/s]
 17%|#6        | 130M/773M [00:07<00:30, 22.2MB/s]
 17%|#7        | 134M/773M [00:07<00:33, 20.2MB/s]
 18%|#7        | 138M/773M [00:07<00:28, 23.7MB/s]
 18%|#8        | 143M/773M [00:07<00:30, 22.0MB/s]
 19%|#9        | 147M/773M [00:07<00:29, 22.0MB/s]
 19%|#9        | 150M/773M [00:08<00:40, 16.1MB/s]
 20%|#9        | 153M/773M [00:08<00:36, 17.9MB/s]
 20%|##        | 156M/773M [00:08<00:33, 19.5MB/s]
 21%|##        | 159M/773M [00:08<00:30, 20.9MB/s]
 21%|##        | 162M/773M [00:08<00:29, 22.1MB/s]
 21%|##1       | 165M/773M [00:09<01:13, 8.65MB/s]
 22%|##1       | 168M/773M [00:09<00:58, 10.8MB/s]
 22%|##2       | 172M/773M [00:09<00:43, 14.6MB/s]
 23%|##2       | 177M/773M [00:10<00:31, 19.6MB/s]
 24%|##3       | 182M/773M [00:10<00:27, 22.4MB/s]
 24%|##3       | 185M/773M [00:10<00:41, 14.9MB/s]
 24%|##4       | 189M/773M [00:10<00:33, 18.4MB/s]
 25%|##4       | 193M/773M [00:10<00:27, 21.8MB/s]
 25%|##5       | 197M/773M [00:11<00:23, 25.3MB/s]
 26%|##5       | 201M/773M [00:11<00:57, 10.5MB/s]
 27%|##6       | 205M/773M [00:12<00:44, 13.3MB/s]
 27%|##7       | 210M/773M [00:12<00:33, 17.5MB/s]
 28%|##7       | 214M/773M [00:12<00:27, 21.0MB/s]
 28%|##8       | 218M/773M [00:12<00:23, 24.3MB/s]
 29%|##8       | 223M/773M [00:12<00:20, 28.8MB/s]
 29%|##9       | 227M/773M [00:12<00:26, 21.4MB/s]
 30%|##9       | 231M/773M [00:12<00:23, 24.6MB/s]
 30%|###       | 235M/773M [00:13<00:37, 14.9MB/s]
 31%|###       | 239M/773M [00:13<00:30, 18.1MB/s]
 31%|###1      | 243M/773M [00:13<00:25, 21.4MB/s]
 32%|###1      | 247M/773M [00:13<00:22, 24.2MB/s]
 32%|###2      | 251M/773M [00:14<00:50, 10.9MB/s]
 33%|###2      | 255M/773M [00:14<00:39, 13.8MB/s]
 34%|###3      | 259M/773M [00:14<00:31, 17.2MB/s]
 34%|###4      | 264M/773M [00:15<00:24, 21.9MB/s]
 35%|###4      | 268M/773M [00:15<00:25, 20.4MB/s]
 35%|###5      | 272M/773M [00:15<00:22, 23.9MB/s]
 36%|###5      | 276M/773M [00:15<00:19, 26.2MB/s]
 36%|###6      | 280M/773M [00:15<00:18, 28.0MB/s]
 37%|###6      | 284M/773M [00:16<00:47, 10.7MB/s]
 37%|###7      | 287M/773M [00:16<00:44, 11.5MB/s]
 38%|###7      | 291M/773M [00:16<00:35, 14.4MB/s]
 38%|###8      | 296M/773M [00:17<00:25, 19.4MB/s]
 39%|###8      | 301M/773M [00:17<00:24, 20.6MB/s]
 39%|###9      | 304M/773M [00:17<00:22, 22.2MB/s]
 40%|###9      | 307M/773M [00:17<00:21, 22.9MB/s]
 40%|####      | 310M/773M [00:17<00:21, 23.1MB/s]
 40%|####      | 313M/773M [00:17<00:24, 19.8MB/s]
 41%|####      | 316M/773M [00:18<00:28, 16.8MB/s]
 41%|####1     | 318M/773M [00:18<00:30, 15.8MB/s]
 42%|####1     | 322M/773M [00:18<00:24, 19.3MB/s]
 42%|####2     | 325M/773M [00:18<00:23, 20.3MB/s]
 42%|####2     | 328M/773M [00:18<00:22, 21.2MB/s]
 43%|####2     | 331M/773M [00:18<00:21, 22.0MB/s]
 43%|####3     | 334M/773M [00:18<00:20, 22.3MB/s]
 44%|####3     | 337M/773M [00:19<00:48, 9.35MB/s]
 44%|####4     | 341M/773M [00:19<00:35, 12.9MB/s]
 45%|####4     | 345M/773M [00:20<00:26, 16.8MB/s]
 45%|####5     | 349M/773M [00:20<00:21, 20.4MB/s]
 46%|####5     | 352M/773M [00:20<00:23, 18.8MB/s]
 46%|####5     | 355M/773M [00:20<00:23, 19.0MB/s]
 46%|####6     | 358M/773M [00:20<00:21, 20.6MB/s]
 47%|####6     | 362M/773M [00:20<00:18, 23.8MB/s]
 47%|####7     | 365M/773M [00:20<00:22, 19.2MB/s]
 48%|####7     | 369M/773M [00:21<00:18, 22.4MB/s]
 48%|####8     | 372M/773M [00:21<00:25, 16.5MB/s]
 49%|####8     | 376M/773M [00:21<00:20, 19.9MB/s]
 49%|####9     | 380M/773M [00:21<00:17, 24.0MB/s]
 50%|####9     | 384M/773M [00:21<00:15, 26.4MB/s]
 50%|#####     | 387M/773M [00:23<00:57, 7.07MB/s]
 50%|#####     | 390M/773M [00:23<00:45, 8.89MB/s]
 51%|#####     | 394M/773M [00:23<00:33, 12.0MB/s]
 52%|#####1    | 399M/773M [00:23<00:24, 16.2MB/s]
 52%|#####2    | 404M/773M [00:23<00:18, 20.9MB/s]
 53%|#####2    | 408M/773M [00:23<00:15, 24.2MB/s]
 53%|#####3    | 412M/773M [00:23<00:14, 26.7MB/s]
 54%|#####3    | 416M/773M [00:23<00:12, 29.2MB/s]
 54%|#####4    | 421M/773M [00:24<00:31, 11.8MB/s]
 55%|#####4    | 424M/773M [00:25<00:27, 13.5MB/s]
 55%|#####5    | 429M/773M [00:25<00:20, 17.9MB/s]
 56%|#####6    | 434M/773M [00:25<00:16, 22.1MB/s]
 57%|#####6    | 439M/773M [00:25<00:13, 26.0MB/s]
 57%|#####7    | 443M/773M [00:25<00:17, 19.8MB/s]
 58%|#####7    | 446M/773M [00:25<00:16, 20.9MB/s]
 58%|#####8    | 449M/773M [00:26<00:16, 21.1MB/s]
 58%|#####8    | 452M/773M [00:26<00:14, 22.7MB/s]
 59%|#####8    | 455M/773M [00:26<00:15, 20.9MB/s]
 59%|#####9    | 458M/773M [00:26<00:15, 21.6MB/s]
 60%|#####9    | 462M/773M [00:26<00:13, 24.6MB/s]
 60%|######    | 465M/773M [00:26<00:12, 25.9MB/s]
 61%|######    | 468M/773M [00:26<00:11, 26.9MB/s]
 61%|######    | 471M/773M [00:27<00:31, 9.99MB/s]
 61%|######1   | 474M/773M [00:27<00:26, 11.9MB/s]
 62%|######1   | 478M/773M [00:27<00:19, 15.8MB/s]
 62%|######2   | 483M/773M [00:28<00:15, 19.6MB/s]
 63%|######2   | 486M/773M [00:28<00:18, 16.3MB/s]
 63%|######3   | 490M/773M [00:28<00:15, 19.7MB/s]
 64%|######3   | 494M/773M [00:28<00:12, 22.9MB/s]
 64%|######4   | 497M/773M [00:28<00:11, 24.6MB/s]
 65%|######4   | 501M/773M [00:28<00:10, 27.6MB/s]
 65%|######5   | 505M/773M [00:30<00:35, 7.96MB/s]
 66%|######5   | 508M/773M [00:30<00:28, 9.61MB/s]
 66%|######6   | 512M/773M [00:30<00:21, 12.7MB/s]
 67%|######6   | 515M/773M [00:30<00:18, 14.4MB/s]
 67%|######7   | 519M/773M [00:30<00:14, 18.3MB/s]
 68%|######7   | 522M/773M [00:30<00:14, 18.4MB/s]
 68%|######8   | 527M/773M [00:30<00:10, 23.9MB/s]
 69%|######8   | 531M/773M [00:31<00:10, 23.1MB/s]
 69%|######9   | 534M/773M [00:31<00:11, 21.5MB/s]
 69%|######9   | 537M/773M [00:31<00:10, 22.5MB/s]
 70%|######9   | 540M/773M [00:31<00:10, 24.2MB/s]
 70%|#######   | 544M/773M [00:31<00:08, 27.9MB/s]
 71%|#######   | 548M/773M [00:31<00:07, 30.9MB/s]
 71%|#######1  | 552M/773M [00:33<00:29, 7.93MB/s]
 72%|#######1  | 555M/773M [00:33<00:23, 9.57MB/s]
 72%|#######2  | 559M/773M [00:33<00:17, 12.7MB/s]
 73%|#######2  | 564M/773M [00:33<00:12, 17.0MB/s]
 74%|#######3  | 569M/773M [00:33<00:09, 21.6MB/s]
 74%|#######4  | 573M/773M [00:33<00:08, 24.9MB/s]
 75%|#######4  | 578M/773M [00:33<00:07, 28.8MB/s]
 75%|#######5  | 582M/773M [00:33<00:07, 28.2MB/s]
 76%|#######5  | 586M/773M [00:34<00:06, 30.9MB/s]
 76%|#######6  | 590M/773M [00:34<00:16, 11.4MB/s]
 77%|#######6  | 594M/773M [00:35<00:13, 14.4MB/s]
 77%|#######7  | 598M/773M [00:35<00:10, 17.8MB/s]
 78%|#######7  | 602M/773M [00:35<00:08, 21.4MB/s]
 78%|#######8  | 606M/773M [00:35<00:07, 24.0MB/s]
 79%|#######9  | 611M/773M [00:35<00:06, 28.0MB/s]
 80%|#######9  | 615M/773M [00:35<00:05, 29.8MB/s]
 80%|########  | 619M/773M [00:36<00:18, 8.63MB/s]
 80%|########  | 622M/773M [00:37<00:15, 10.3MB/s]
 81%|########1 | 627M/773M [00:37<00:10, 14.2MB/s]
 82%|########1 | 632M/773M [00:37<00:08, 18.4MB/s]
 82%|########2 | 636M/773M [00:37<00:08, 17.3MB/s]
 83%|########2 | 639M/773M [00:37<00:08, 17.1MB/s]
 83%|########3 | 642M/773M [00:38<00:09, 14.0MB/s]
 83%|########3 | 645M/773M [00:38<00:08, 16.1MB/s]
 84%|########3 | 648M/773M [00:38<00:07, 17.2MB/s]
 84%|########4 | 651M/773M [00:38<00:07, 17.8MB/s]
 85%|########4 | 654M/773M [00:38<00:08, 15.0MB/s]
 85%|########4 | 657M/773M [00:38<00:07, 16.6MB/s]
 85%|########5 | 660M/773M [00:39<00:06, 18.5MB/s]
 86%|########5 | 664M/773M [00:39<00:05, 21.9MB/s]
 87%|########6 | 669M/773M [00:39<00:04, 27.1MB/s]
 87%|########7 | 673M/773M [00:39<00:06, 16.2MB/s]
 88%|########7 | 677M/773M [00:40<00:05, 18.4MB/s]
 88%|########8 | 682M/773M [00:40<00:04, 22.7MB/s]
 89%|########8 | 687M/773M [00:40<00:03, 23.3MB/s]
 90%|########9 | 692M/773M [00:40<00:03, 28.3MB/s]
 90%|######### | 697M/773M [00:40<00:02, 31.8MB/s]
 91%|######### | 701M/773M [00:40<00:02, 33.8MB/s]
 91%|#########1| 705M/773M [00:41<00:07, 9.54MB/s]
 92%|#########1| 709M/773M [00:42<00:05, 12.0MB/s]
 92%|#########2| 714M/773M [00:42<00:03, 15.8MB/s]
 93%|#########2| 718M/773M [00:42<00:03, 18.9MB/s]
 94%|#########3| 723M/773M [00:42<00:02, 23.6MB/s]
 94%|#########4| 727M/773M [00:42<00:01, 26.3MB/s]
 95%|#########4| 731M/773M [00:42<00:01, 29.3MB/s]
 95%|#########5| 736M/773M [00:42<00:01, 33.3MB/s]
 96%|#########5| 740M/773M [00:44<00:04, 8.55MB/s]
 96%|#########6| 744M/773M [00:44<00:02, 11.0MB/s]
 97%|#########6| 748M/773M [00:44<00:01, 13.9MB/s]
 97%|#########7| 753M/773M [00:44<00:01, 18.0MB/s]
 98%|#########8| 758M/773M [00:44<00:00, 22.2MB/s]
 99%|#########8| 763M/773M [00:44<00:00, 26.3MB/s]
 99%|#########9| 767M/773M [00:44<00:00, 29.0MB/s]
100%|#########9| 771M/773M [00:45<00:00, 13.3MB/s]
100%|##########| 773M/773M [00:45<00:00, 17.7MB/s]

   OK JMuBEN (Kaggle mirror) en C:\Users\USER\OneDrive - Universidad Autonoma de Occidente\7 mo semestre\IA\IA_Proyecto\IA_Entrega_Final\01_datos\imagenes_cafe\raw\jmuben

[4/4] Coffee Leaf Diseases (Kaggle) ...
   probando prinprin/coffee-leaf-disease ...
Dataset URL: https://www.kaggle.com/datasets/prinprin/coffee-leaf-disease
Downloading coffee-leaf-disease.zip to C:\Users\USER\OneDrive - Universidad Autonoma de Occidente\7 mo semestre\IA\IA_Proyecto\IA_Entrega_Final\01_datos\imagenes_cafe\raw\coffee_leaf

  0%|          | 0.00/2.82G [00:00<?, ?B/s]
  0%|          | 1.00M/2.82G [00:00<18:30, 2.73MB/s]
  0%|          | 4.00M/2.82G [00:00<05:06, 9.87MB/s]
  0%|          | 7.00M/2.82G [00:00<03:16, 15.4MB/s]
  0%|          | 11.0M/2.82G [00:00<02:20, 21.5MB/s]
  1%|          | 15.0M/2.82G [00:01<02:54, 17.2MB/s]
  1%|          | 18.0M/2.82G [00:01<02:34, 19.5MB/s]
  1%|          | 22.0M/2.82G [00:01<02:06, 23.8MB/s]
  1%|          | 26.0M/2.82G [00:01<01:47, 27.9MB/s]
  1%|1         | 30.0M/2.82G [00:01<01:53, 26.5MB/s]
  1%|1         | 33.0M/2.82G [00:02<04:29, 11.1MB/s]
  1%|1         | 37.0M/2.82G [00:02<03:26, 14.5MB/s]
  1%|1         | 41.0M/2.82G [00:02<02:43, 18.3MB/s]
  2%|1         | 44.0M/2.82G [00:02<02:33, 19.4MB/s]
  2%|1         | 49.0M/2.82G [00:02<02:16, 21.8MB/s]
  2%|1         | 53.0M/2.82G [00:03<02:14, 22.1MB/s]
  2%|1         | 57.0M/2.82G [00:03<02:05, 23.6MB/s]
  2%|2         | 61.0M/2.82G [00:03<01:53, 26.3MB/s]
  2%|2         | 65.0M/2.82G [00:03<02:03, 23.9MB/s]
  2%|2         | 68.0M/2.82G [00:03<03:03, 16.1MB/s]
  3%|2         | 74.0M/2.82G [00:04<02:12, 22.3MB/s]
  3%|2         | 78.0M/2.82G [00:04<01:59, 24.6MB/s]
  3%|2         | 82.0M/2.82G [00:04<01:46, 27.6MB/s]
  3%|2         | 86.0M/2.82G [00:05<06:08, 7.98MB/s]
  3%|3         | 90.0M/2.82G [00:05<04:41, 10.4MB/s]
  3%|3         | 94.0M/2.82G [00:05<03:38, 13.4MB/s]
  3%|3         | 98.0M/2.82G [00:05<02:54, 16.8MB/s]
  4%|3         | 102M/2.82G [00:06<02:36, 18.7MB/s] 
  4%|3         | 106M/2.82G [00:06<02:10, 22.4MB/s]
  4%|3         | 110M/2.82G [00:06<02:05, 23.3MB/s]
  4%|3         | 114M/2.82G [00:06<01:49, 26.7MB/s]
  4%|4         | 118M/2.82G [00:07<03:58, 12.2MB/s]
  4%|4         | 121M/2.82G [00:07<03:23, 14.3MB/s]
  4%|4         | 125M/2.82G [00:07<02:40, 18.0MB/s]
  4%|4         | 130M/2.82G [00:07<02:07, 22.7MB/s]
  5%|4         | 134M/2.82G [00:08<02:51, 16.9MB/s]
  5%|4         | 138M/2.82G [00:08<02:21, 20.4MB/s]
  5%|4         | 142M/2.82G [00:08<02:03, 23.4MB/s]
  5%|5         | 146M/2.82G [00:08<01:50, 26.1MB/s]
  5%|5         | 150M/2.82G [00:08<02:15, 21.2MB/s]
  5%|5         | 153M/2.82G [00:09<03:04, 15.6MB/s]
  5%|5         | 157M/2.82G [00:09<02:33, 18.7MB/s]
  6%|5         | 160M/2.82G [00:09<02:22, 20.1MB/s]
  6%|5         | 163M/2.82G [00:09<02:14, 21.3MB/s]
  6%|5         | 166M/2.82G [00:09<02:07, 22.4MB/s]
  6%|5         | 169M/2.82G [00:10<05:16, 9.03MB/s]
  6%|5         | 171M/2.82G [00:10<04:37, 10.3MB/s]
  6%|6         | 174M/2.82G [00:10<03:45, 12.7MB/s]
  6%|6         | 178M/2.82G [00:10<02:46, 17.0MB/s]
  6%|6         | 183M/2.82G [00:10<02:04, 22.8MB/s]
  6%|6         | 187M/2.82G [00:11<02:47, 16.9MB/s]
  7%|6         | 191M/2.82G [00:11<02:52, 16.4MB/s]
  7%|6         | 194M/2.82G [00:11<03:01, 15.6MB/s]
  7%|6         | 197M/2.82G [00:11<02:49, 16.6MB/s]
  7%|6         | 202M/2.82G [00:11<02:08, 21.9MB/s]
  7%|7         | 206M/2.82G [00:12<01:51, 25.3MB/s]
  7%|7         | 211M/2.82G [00:12<01:34, 29.6MB/s]
  7%|7         | 215M/2.82G [00:12<01:33, 29.9MB/s]
  8%|7         | 219M/2.82G [00:12<01:25, 32.6MB/s]
  8%|7         | 223M/2.82G [00:13<04:30, 10.3MB/s]
  8%|7         | 226M/2.82G [00:13<03:48, 12.2MB/s]
  8%|7         | 230M/2.82G [00:13<03:00, 15.4MB/s]
  8%|8         | 234M/2.82G [00:13<02:29, 18.6MB/s]
  8%|8         | 238M/2.82G [00:13<02:06, 22.0MB/s]
  8%|8         | 242M/2.82G [00:14<01:49, 25.3MB/s]
  9%|8         | 246M/2.82G [00:14<01:39, 27.9MB/s]
  9%|8         | 250M/2.82G [00:14<01:37, 28.5MB/s]
  9%|8         | 254M/2.82G [00:15<04:37, 9.98MB/s]
  9%|8         | 257M/2.82G [00:15<03:57, 11.6MB/s]
  9%|9         | 261M/2.82G [00:15<03:05, 14.9MB/s]
  9%|9         | 265M/2.82G [00:15<02:29, 18.4MB/s]
  9%|9         | 269M/2.82G [00:15<02:07, 21.6MB/s]
  9%|9         | 273M/2.82G [00:15<01:50, 24.8MB/s]
 10%|9         | 277M/2.82G [00:16<02:37, 17.4MB/s]
 10%|9         | 280M/2.82G [00:16<02:26, 18.7MB/s]
 10%|9         | 283M/2.82G [00:16<02:15, 20.2MB/s]
 10%|9         | 286M/2.82G [00:16<02:07, 21.4MB/s]
 10%|9         | 289M/2.82G [00:16<02:11, 20.8MB/s]
 10%|#         | 295M/2.82G [00:17<01:34, 28.9MB/s]
 10%|#         | 299M/2.82G [00:17<01:31, 29.7MB/s]
 10%|#         | 303M/2.82G [00:17<01:30, 30.1MB/s]
 11%|#         | 307M/2.82G [00:18<05:41, 7.94MB/s]
 11%|#         | 312M/2.82G [00:18<04:03, 11.1MB/s]
 11%|#         | 316M/2.82G [00:18<03:13, 14.0MB/s]
 11%|#1        | 321M/2.82G [00:19<02:29, 18.1MB/s]
 11%|#1        | 325M/2.82G [00:19<02:17, 19.6MB/s]
 11%|#1        | 329M/2.82G [00:19<01:56, 23.0MB/s]
 12%|#1        | 334M/2.82G [00:19<01:38, 27.2MB/s]
 12%|#1        | 338M/2.82G [00:19<01:39, 27.0MB/s]
 12%|#1        | 342M/2.82G [00:20<02:29, 17.9MB/s]
 12%|#1        | 345M/2.82G [00:20<02:14, 19.8MB/s]
 12%|#2        | 349M/2.82G [00:20<01:56, 22.8MB/s]
 12%|#2        | 353M/2.82G [00:20<01:42, 26.0MB/s]
 12%|#2        | 357M/2.82G [00:21<04:16, 10.4MB/s]
 12%|#2        | 361M/2.82G [00:21<03:20, 13.2MB/s]
 13%|#2        | 365M/2.82G [00:21<02:38, 16.7MB/s]
 13%|#2        | 369M/2.82G [00:21<02:10, 20.2MB/s]
 13%|#2        | 373M/2.82G [00:21<02:00, 21.9MB/s]
 13%|#3        | 377M/2.82G [00:21<01:45, 24.9MB/s]
 13%|#3        | 381M/2.82G [00:22<01:35, 27.6MB/s]
 13%|#3        | 385M/2.82G [00:22<01:27, 30.1MB/s]
 13%|#3        | 389M/2.82G [00:23<05:01, 8.71MB/s]
 14%|#3        | 392M/2.82G [00:23<04:17, 10.2MB/s]
 14%|#3        | 395M/2.82G [00:23<03:33, 12.3MB/s]
 14%|#3        | 400M/2.82G [00:23<02:33, 17.0MB/s]
 14%|#3        | 404M/2.82G [00:23<02:07, 20.4MB/s]
 14%|#4        | 408M/2.82G [00:24<01:50, 23.5MB/s]
 14%|#4        | 412M/2.82G [00:24<01:38, 26.3MB/s]
 14%|#4        | 416M/2.82G [00:24<01:35, 27.2MB/s]
 15%|#4        | 420M/2.82G [00:24<01:32, 28.1MB/s]
 15%|#4        | 424M/2.82G [00:25<03:28, 12.4MB/s]
 15%|#4        | 428M/2.82G [00:25<02:46, 15.5MB/s]
 15%|#4        | 433M/2.82G [00:25<02:09, 19.9MB/s]
 15%|#5        | 438M/2.82G [00:25<01:46, 24.2MB/s]
 15%|#5        | 442M/2.82G [00:26<02:27, 17.4MB/s]
 15%|#5        | 446M/2.82G [00:26<02:07, 20.1MB/s]
 16%|#5        | 450M/2.82G [00:26<01:52, 22.7MB/s]
 16%|#5        | 453M/2.82G [00:26<01:45, 24.3MB/s]
 16%|#5        | 457M/2.82G [00:27<04:04, 10.4MB/s]
 16%|#5        | 460M/2.82G [00:27<03:26, 12.4MB/s]
 16%|#6        | 464M/2.82G [00:27<02:39, 15.9MB/s]
 16%|#6        | 469M/2.82G [00:27<02:02, 20.7MB/s]
 16%|#6        | 473M/2.82G [00:27<01:56, 21.7MB/s]
 16%|#6        | 476M/2.82G [00:27<01:58, 21.3MB/s]
 17%|#6        | 480M/2.82G [00:28<01:42, 24.6MB/s]
 17%|#6        | 483M/2.82G [00:28<02:04, 20.3MB/s]
 17%|#6        | 487M/2.82G [00:28<01:49, 22.9MB/s]
 17%|#6        | 490M/2.82G [00:28<01:42, 24.5MB/s]
 17%|#7        | 493M/2.82G [00:29<04:55, 8.52MB/s]
 17%|#7        | 496M/2.82G [00:29<03:56, 10.6MB/s]
 17%|#7        | 500M/2.82G [00:29<02:59, 13.9MB/s]
 17%|#7        | 503M/2.82G [00:29<02:32, 16.4MB/s]
 18%|#7        | 506M/2.82G [00:29<02:14, 18.6MB/s]
 18%|#7        | 510M/2.82G [00:30<01:54, 21.7MB/s]
 18%|#7        | 513M/2.82G [00:30<01:47, 23.3MB/s]
 18%|#7        | 516M/2.82G [00:30<01:49, 22.8MB/s]
 18%|#7        | 520M/2.82G [00:30<01:36, 25.8MB/s]
 18%|#8        | 523M/2.82G [00:30<01:32, 26.9MB/s]
 18%|#8        | 526M/2.82G [00:31<02:32, 16.2MB/s]
 18%|#8        | 530M/2.82G [00:31<02:02, 20.2MB/s]
 18%|#8        | 534M/2.82G [00:31<01:44, 23.6MB/s]
 19%|#8        | 538M/2.82G [00:31<01:34, 26.2MB/s]
 19%|#8        | 542M/2.82G [00:32<03:51, 10.6MB/s]
 19%|#8        | 545M/2.82G [00:32<03:15, 12.6MB/s]
 19%|#9        | 550M/2.82G [00:32<02:21, 17.3MB/s]
 19%|#9        | 554M/2.82G [00:32<01:57, 20.8MB/s]
 19%|#9        | 559M/2.82G [00:33<02:25, 16.8MB/s]
 19%|#9        | 563M/2.82G [00:33<02:00, 20.2MB/s]
 20%|#9        | 566M/2.82G [00:33<01:56, 21.0MB/s]
 20%|#9        | 569M/2.82G [00:33<01:49, 22.1MB/s]
 20%|#9        | 572M/2.82G [00:33<01:43, 23.6MB/s]
 20%|#9        | 575M/2.82G [00:33<01:38, 24.6MB/s]
 20%|#9        | 578M/2.82G [00:34<04:30, 8.95MB/s]
 20%|##        | 582M/2.82G [00:34<03:17, 12.3MB/s]
 20%|##        | 586M/2.82G [00:34<02:30, 16.0MB/s]
 20%|##        | 591M/2.82G [00:34<01:58, 20.3MB/s]
 21%|##        | 596M/2.82G [00:34<01:36, 24.8MB/s]
 21%|##        | 601M/2.82G [00:35<02:00, 19.8MB/s]
 21%|##        | 606M/2.82G [00:35<01:40, 23.9MB/s]
 21%|##1       | 610M/2.82G [00:36<02:47, 14.3MB/s]
 21%|##1       | 613M/2.82G [00:36<02:45, 14.4MB/s]
 21%|##1       | 617M/2.82G [00:36<02:14, 17.8MB/s]
 22%|##1       | 622M/2.82G [00:36<01:46, 22.4MB/s]
 22%|##1       | 626M/2.82G [00:36<01:41, 23.3MB/s]
 22%|##1       | 629M/2.82G [00:36<01:51, 21.3MB/s]
 22%|##1       | 634M/2.82G [00:37<01:32, 25.5MB/s]
 22%|##2       | 638M/2.82G [00:37<01:24, 27.9MB/s]
 22%|##2       | 642M/2.82G [00:37<01:21, 29.1MB/s]
 22%|##2       | 646M/2.82G [00:38<04:38, 8.45MB/s]
 22%|##2       | 650M/2.82G [00:38<03:32, 11.0MB/s]
 23%|##2       | 654M/2.82G [00:38<02:46, 14.1MB/s]
 23%|##2       | 659M/2.82G [00:38<02:06, 18.5MB/s]
 23%|##2       | 664M/2.82G [00:39<01:42, 22.8MB/s]
 23%|##3       | 668M/2.82G [00:39<01:30, 25.9MB/s]
 23%|##3       | 673M/2.82G [00:39<01:17, 29.8MB/s]
 23%|##3       | 677M/2.82G [00:40<04:03, 9.55MB/s]
 24%|##3       | 680M/2.82G [00:40<03:28, 11.1MB/s]
 24%|##3       | 685M/2.82G [00:40<02:34, 15.0MB/s]
 24%|##3       | 690M/2.82G [00:40<02:01, 19.0MB/s]
 24%|##4       | 695M/2.82G [00:41<01:38, 23.3MB/s]
 24%|##4       | 700M/2.82G [00:41<01:24, 27.0MB/s]
 24%|##4       | 705M/2.82G [00:41<01:15, 30.5MB/s]
 25%|##4       | 709M/2.82G [00:41<01:09, 32.8MB/s]
 25%|##4       | 713M/2.82G [00:42<04:18, 8.84MB/s]
 25%|##4       | 717M/2.82G [00:42<03:21, 11.3MB/s]
 25%|##4       | 722M/2.82G [00:42<02:31, 15.0MB/s]
 25%|##5       | 727M/2.82G [00:43<02:00, 18.9MB/s]
 25%|##5       | 732M/2.82G [00:43<01:38, 23.0MB/s]
 25%|##5       | 736M/2.82G [00:43<01:32, 24.3MB/s]
 26%|##5       | 740M/2.82G [00:43<01:22, 27.4MB/s]
 26%|##5       | 744M/2.82G [00:43<01:27, 25.7MB/s]
 26%|##5       | 748M/2.82G [00:44<03:02, 12.3MB/s]
 26%|##6       | 753M/2.82G [00:44<02:19, 16.1MB/s]
 26%|##6       | 758M/2.82G [00:44<01:49, 20.4MB/s]
 26%|##6       | 762M/2.82G [00:44<01:34, 23.5MB/s]
 26%|##6       | 766M/2.82G [00:44<01:26, 25.8MB/s]
 27%|##6       | 770M/2.82G [00:45<01:21, 27.3MB/s]
 27%|##6       | 774M/2.82G [00:45<01:32, 24.0MB/s]
 27%|##6       | 778M/2.82G [00:45<01:31, 24.3MB/s]
 27%|##7       | 781M/2.82G [00:46<02:44, 13.4MB/s]
 27%|##7       | 785M/2.82G [00:46<02:10, 16.9MB/s]
 27%|##7       | 789M/2.82G [00:46<01:46, 20.7MB/s]
 27%|##7       | 793M/2.82G [00:46<01:30, 24.4MB/s]
 28%|##7       | 797M/2.82G [00:47<04:54, 7.46MB/s]
 28%|##7       | 801M/2.82G [00:47<03:42, 9.87MB/s]
 28%|##7       | 805M/2.82G [00:47<02:51, 12.8MB/s]
 28%|##7       | 809M/2.82G [00:48<02:15, 16.1MB/s]
 28%|##8       | 813M/2.82G [00:48<01:51, 19.6MB/s]
 28%|##8       | 817M/2.82G [00:48<01:36, 22.6MB/s]
 28%|##8       | 821M/2.82G [00:48<02:01, 17.9MB/s]
 29%|##8       | 825M/2.82G [00:48<01:40, 21.6MB/s]
 29%|##8       | 829M/2.82G [00:48<01:25, 25.2MB/s]
 29%|##8       | 833M/2.82G [00:48<01:15, 28.4MB/s]
 29%|##8       | 837M/2.82G [00:49<01:40, 21.5MB/s]
 29%|##9       | 840M/2.82G [00:50<04:19, 8.28MB/s]
 29%|##9       | 843M/2.82G [00:50<03:39, 9.77MB/s]
 29%|##9       | 847M/2.82G [00:50<02:44, 13.0MB/s]
 29%|##9       | 851M/2.82G [00:50<02:08, 16.6MB/s]
 30%|##9       | 855M/2.82G [00:50<01:44, 20.4MB/s]
 30%|##9       | 859M/2.82G [00:51<02:04, 17.1MB/s]
 30%|##9       | 864M/2.82G [00:51<01:38, 21.6MB/s]
 30%|###       | 868M/2.82G [00:51<01:24, 25.0MB/s]
 30%|###       | 872M/2.82G [00:51<01:16, 27.8MB/s]
 30%|###       | 876M/2.82G [00:51<02:00, 17.6MB/s]
 30%|###       | 880M/2.82G [00:52<01:42, 20.6MB/s]
 31%|###       | 883M/2.82G [00:52<01:33, 22.4MB/s]
 31%|###       | 887M/2.82G [00:52<01:24, 24.9MB/s]
 31%|###       | 890M/2.82G [00:52<01:19, 26.3MB/s]
 31%|###       | 893M/2.82G [00:53<02:41, 13.0MB/s]
 31%|###1      | 897M/2.82G [00:53<02:05, 16.7MB/s]
 31%|###1      | 902M/2.82G [00:53<01:36, 21.5MB/s]
 31%|###1      | 906M/2.82G [00:53<01:23, 25.0MB/s]
 31%|###1      | 910M/2.82G [00:54<03:06, 11.1MB/s]
 32%|###1      | 913M/2.82G [00:54<02:39, 13.0MB/s]
 32%|###1      | 917M/2.82G [00:54<02:04, 16.6MB/s]
 32%|###1      | 922M/2.82G [00:54<01:37, 21.2MB/s]
 32%|###2      | 927M/2.82G [00:54<01:57, 17.6MB/s]
 32%|###2      | 930M/2.82G [00:55<01:46, 19.3MB/s]
 32%|###2      | 933M/2.82G [00:55<01:37, 21.0MB/s]
 32%|###2      | 936M/2.82G [00:55<01:30, 22.7MB/s]
 32%|###2      | 939M/2.82G [00:55<01:25, 24.0MB/s]
 33%|###2      | 942M/2.82G [00:55<01:23, 24.6MB/s]
 33%|###2      | 945M/2.82G [00:56<03:46, 8.99MB/s]
 33%|###2      | 949M/2.82G [00:56<02:47, 12.1MB/s]
 33%|###2      | 953M/2.82G [00:56<02:10, 15.6MB/s]
 33%|###3      | 956M/2.82G [00:56<01:52, 18.0MB/s]
 33%|###3      | 960M/2.82G [00:56<01:34, 21.4MB/s]
 33%|###3      | 964M/2.82G [00:56<01:22, 24.5MB/s]
 34%|###3      | 969M/2.82G [00:57<01:12, 27.9MB/s]
 34%|###3      | 974M/2.82G [00:57<01:04, 31.4MB/s]
 34%|###3      | 978M/2.82G [00:58<03:06, 10.8MB/s]
 34%|###3      | 981M/2.82G [00:58<02:40, 12.5MB/s]
 34%|###4      | 985M/2.82G [00:58<02:08, 15.5MB/s]
 34%|###4      | 989M/2.82G [00:58<01:44, 19.1MB/s]
 34%|###4      | 994M/2.82G [00:58<01:38, 20.3MB/s]
 34%|###4      | 997M/2.82G [00:58<01:30, 21.8MB/s]
 35%|###4      | 0.98G/2.82G [00:59<01:16, 26.0MB/s]
 35%|###4      | 0.98G/2.82G [00:59<01:19, 24.7MB/s]
 35%|###4      | 0.99G/2.82G [00:59<01:15, 26.0MB/s]
 35%|###5      | 0.99G/2.82G [01:00<03:13, 10.2MB/s]
 35%|###5      | 0.99G/2.82G [01:00<02:39, 12.3MB/s]
 35%|###5      | 1.00G/2.82G [01:00<02:01, 16.1MB/s]
 35%|###5      | 1.00G/2.82G [01:00<01:41, 19.4MB/s]
 36%|###5      | 1.00G/2.82G [01:00<01:23, 23.3MB/s]
 36%|###5      | 1.01G/2.82G [01:01<01:48, 17.9MB/s]
 36%|###5      | 1.01G/2.82G [01:01<01:39, 19.5MB/s]
 36%|###5      | 1.01G/2.82G [01:01<01:47, 18.1MB/s]
 36%|###5      | 1.02G/2.82G [01:01<01:35, 20.3MB/s]
 36%|###6      | 1.02G/2.82G [01:01<01:20, 24.0MB/s]
 36%|###6      | 1.02G/2.82G [01:02<03:29, 9.21MB/s]
 36%|###6      | 1.03G/2.82G [01:02<02:36, 12.3MB/s]
 36%|###6      | 1.03G/2.82G [01:02<02:01, 15.8MB/s]
 37%|###6      | 1.03G/2.82G [01:02<01:40, 19.2MB/s]
 37%|###6      | 1.04G/2.82G [01:02<01:23, 22.8MB/s]
 37%|###6      | 1.04G/2.82G [01:03<01:11, 26.6MB/s]
 37%|###7      | 1.05G/2.82G [01:03<01:05, 29.0MB/s]
 37%|###7      | 1.05G/2.82G [01:03<01:23, 22.7MB/s]
 37%|###7      | 1.05G/2.82G [01:04<02:55, 10.8MB/s]
 37%|###7      | 1.06G/2.82G [01:04<02:30, 12.6MB/s]
 38%|###7      | 1.06G/2.82G [01:04<01:50, 17.1MB/s]
 38%|###7      | 1.07G/2.82G [01:04<01:34, 19.9MB/s]
 38%|###7      | 1.07G/2.82G [01:04<01:27, 21.6MB/s]
 38%|###8      | 1.08G/2.82G [01:05<01:03, 29.5MB/s]
 38%|###8      | 1.08G/2.82G [01:05<00:59, 31.2MB/s]
 38%|###8      | 1.09G/2.82G [01:05<01:02, 29.7MB/s]
 39%|###8      | 1.09G/2.82G [01:06<03:14, 9.55MB/s]
 39%|###8      | 1.09G/2.82G [01:06<02:33, 12.1MB/s]
 39%|###8      | 1.10G/2.82G [01:06<01:56, 15.9MB/s]
 39%|###9      | 1.10G/2.82G [01:06<01:38, 18.8MB/s]
 39%|###9      | 1.11G/2.82G [01:07<01:20, 23.0MB/s]
 39%|###9      | 1.11G/2.82G [01:07<01:10, 26.2MB/s]
 40%|###9      | 1.12G/2.82G [01:07<01:01, 29.8MB/s]
 40%|###9      | 1.12G/2.82G [01:08<03:18, 9.23MB/s]
 40%|###9      | 1.13G/2.82G [01:08<02:29, 12.2MB/s]
 40%|####      | 1.13G/2.82G [01:08<02:01, 15.0MB/s]
 40%|####      | 1.13G/2.82G [01:09<01:39, 18.2MB/s]
 40%|####      | 1.14G/2.82G [01:09<01:23, 21.6MB/s]
 40%|####      | 1.14G/2.82G [01:09<01:09, 25.9MB/s]
 41%|####      | 1.15G/2.82G [01:09<01:09, 25.9MB/s]
 41%|####      | 1.15G/2.82G [01:09<01:06, 27.1MB/s]
 41%|####      | 1.15G/2.82G [01:10<02:26, 12.2MB/s]
 41%|####      | 1.16G/2.82G [01:10<02:07, 14.1MB/s]
 41%|####1     | 1.16G/2.82G [01:10<01:36, 18.5MB/s]
 41%|####1     | 1.17G/2.82G [01:10<01:20, 22.0MB/s]
 41%|####1     | 1.17G/2.82G [01:10<01:20, 21.9MB/s]
 42%|####1     | 1.17G/2.82G [01:11<01:13, 24.0MB/s]
 42%|####1     | 1.18G/2.82G [01:11<01:02, 28.4MB/s]
 42%|####1     | 1.18G/2.82G [01:11<01:12, 24.2MB/s]
 42%|####1     | 1.19G/2.82G [01:12<02:35, 11.3MB/s]
 42%|####2     | 1.19G/2.82G [01:12<02:11, 13.3MB/s]
 42%|####2     | 1.19G/2.82G [01:12<01:43, 16.8MB/s]
 42%|####2     | 1.20G/2.82G [01:12<01:26, 20.3MB/s]
 43%|####2     | 1.20G/2.82G [01:12<01:09, 25.0MB/s]
 43%|####2     | 1.21G/2.82G [01:13<02:56, 9.86MB/s]
 43%|####2     | 1.21G/2.82G [01:13<02:18, 12.5MB/s]
 43%|####3     | 1.21G/2.82G [01:13<01:44, 16.5MB/s]
 43%|####3     | 1.22G/2.82G [01:14<01:22, 20.8MB/s]
 43%|####3     | 1.22G/2.82G [01:14<01:12, 23.9MB/s]
 43%|####3     | 1.23G/2.82G [01:14<01:01, 27.7MB/s]
 44%|####3     | 1.23G/2.82G [01:14<00:57, 29.9MB/s]
 44%|####3     | 1.24G/2.82G [01:14<00:53, 32.2MB/s]
 44%|####3     | 1.24G/2.82G [01:15<02:28, 11.4MB/s]
 44%|####4     | 1.24G/2.82G [01:15<01:57, 14.5MB/s]
 44%|####4     | 1.25G/2.82G [01:15<01:30, 18.7MB/s]
 44%|####4     | 1.25G/2.82G [01:15<01:28, 19.1MB/s]
 45%|####4     | 1.26G/2.82G [01:16<01:16, 22.0MB/s]
 45%|####4     | 1.26G/2.82G [01:16<01:08, 24.5MB/s]
 45%|####4     | 1.26G/2.82G [01:16<01:03, 26.5MB/s]
 45%|####4     | 1.27G/2.82G [01:16<00:59, 28.2MB/s]
 45%|####5     | 1.27G/2.82G [01:17<03:08, 8.85MB/s]
 45%|####5     | 1.28G/2.82G [01:17<02:24, 11.5MB/s]
 45%|####5     | 1.28G/2.82G [01:17<01:54, 14.5MB/s]
 45%|####5     | 1.28G/2.82G [01:17<01:33, 17.6MB/s]
 46%|####5     | 1.29G/2.82G [01:18<01:21, 20.1MB/s]
 46%|####5     | 1.29G/2.82G [01:18<01:06, 24.6MB/s]
 46%|####5     | 1.30G/2.82G [01:18<01:02, 26.2MB/s]
 46%|####6     | 1.30G/2.82G [01:18<01:10, 23.2MB/s]
 46%|####6     | 1.30G/2.82G [01:19<02:31, 10.8MB/s]
 46%|####6     | 1.31G/2.82G [01:19<02:06, 12.9MB/s]
 46%|####6     | 1.31G/2.82G [01:19<01:37, 16.6MB/s]
 47%|####6     | 1.32G/2.82G [01:19<01:15, 21.3MB/s]
 47%|####6     | 1.32G/2.82G [01:19<01:15, 21.3MB/s]
 47%|####6     | 1.32G/2.82G [01:20<01:24, 19.1MB/s]
 47%|####7     | 1.33G/2.82G [01:20<01:16, 21.1MB/s]
 47%|####7     | 1.33G/2.82G [01:20<01:22, 19.5MB/s]
 47%|####7     | 1.33G/2.82G [01:20<01:09, 23.0MB/s]
 47%|####7     | 1.34G/2.82G [01:21<01:37, 16.3MB/s]
 48%|####7     | 1.34G/2.82G [01:21<01:20, 19.6MB/s]
 48%|####7     | 1.35G/2.82G [01:21<01:07, 23.4MB/s]
 48%|####7     | 1.35G/2.82G [01:21<01:03, 25.0MB/s]
 48%|####7     | 1.35G/2.82G [01:21<00:57, 27.7MB/s]
 48%|####8     | 1.36G/2.82G [01:22<02:32, 10.3MB/s]
 48%|####8     | 1.36G/2.82G [01:22<01:56, 13.5MB/s]
 48%|####8     | 1.36G/2.82G [01:22<01:47, 14.6MB/s]
 48%|####8     | 1.37G/2.82G [01:22<01:35, 16.4MB/s]
 49%|####8     | 1.37G/2.82G [01:22<01:12, 21.4MB/s]
 49%|####8     | 1.38G/2.82G [01:23<01:01, 25.1MB/s]
 49%|####8     | 1.38G/2.82G [01:23<00:51, 30.0MB/s]
 49%|####9     | 1.38G/2.82G [01:23<00:48, 32.0MB/s]
 49%|####9     | 1.39G/2.82G [01:24<02:58, 8.61MB/s]
 49%|####9     | 1.39G/2.82G [01:24<02:08, 11.9MB/s]
 49%|####9     | 1.40G/2.82G [01:24<01:43, 14.8MB/s]
 50%|####9     | 1.40G/2.82G [01:25<01:20, 19.0MB/s]
 50%|####9     | 1.41G/2.82G [01:25<01:24, 18.1MB/s]
 50%|####9     | 1.41G/2.82G [01:25<01:18, 19.4MB/s]
 50%|####9     | 1.41G/2.82G [01:25<01:12, 20.9MB/s]
 50%|#####     | 1.42G/2.82G [01:25<01:04, 23.5MB/s]
 50%|#####     | 1.42G/2.82G [01:26<01:50, 13.7MB/s]
 50%|#####     | 1.42G/2.82G [01:26<02:05, 12.0MB/s]
 50%|#####     | 1.42G/2.82G [01:26<01:38, 15.2MB/s]
 51%|#####     | 1.43G/2.82G [01:26<01:19, 18.8MB/s]
 51%|#####     | 1.43G/2.82G [01:26<01:05, 22.6MB/s]
 51%|#####     | 1.44G/2.82G [01:27<01:12, 20.6MB/s]
 51%|#####1    | 1.44G/2.82G [01:27<00:46, 32.1MB/s]
 51%|#####1    | 1.45G/2.82G [01:27<01:04, 22.9MB/s]
 51%|#####1    | 1.45G/2.82G [01:27<00:57, 25.8MB/s]
 52%|#####1    | 1.46G/2.82G [01:28<02:22, 10.3MB/s]
 52%|#####1    | 1.46G/2.82G [01:28<01:51, 13.1MB/s]
 52%|#####1    | 1.46G/2.82G [01:28<01:29, 16.3MB/s]
 52%|#####1    | 1.47G/2.82G [01:28<01:10, 20.7MB/s]
 52%|#####2    | 1.47G/2.82G [01:29<01:33, 15.5MB/s]
 52%|#####2    | 1.48G/2.82G [01:29<01:23, 17.3MB/s]
 52%|#####2    | 1.48G/2.82G [01:29<01:18, 18.5MB/s]
 53%|#####2    | 1.48G/2.82G [01:29<01:02, 22.9MB/s]
 53%|#####2    | 1.49G/2.82G [01:30<01:33, 15.3MB/s]
 53%|#####2    | 1.49G/2.82G [01:30<01:15, 18.9MB/s]
 53%|#####2    | 1.50G/2.82G [01:30<01:03, 22.5MB/s]
 53%|#####3    | 1.50G/2.82G [01:30<00:52, 26.8MB/s]
 53%|#####3    | 1.50G/2.82G [01:31<01:20, 17.5MB/s]
 53%|#####3    | 1.51G/2.82G [01:31<01:09, 20.2MB/s]
 54%|#####3    | 1.51G/2.82G [01:31<01:00, 23.4MB/s]
 54%|#####3    | 1.52G/2.82G [01:31<00:54, 25.8MB/s]
 54%|#####3    | 1.52G/2.82G [01:32<02:13, 10.5MB/s]
 54%|#####3    | 1.52G/2.82G [01:32<01:45, 13.2MB/s]
 54%|#####4    | 1.53G/2.82G [01:32<01:19, 17.4MB/s]
 54%|#####4    | 1.53G/2.82G [01:32<01:04, 21.5MB/s]
 54%|#####4    | 1.54G/2.82G [01:32<01:01, 22.5MB/s]
 55%|#####4    | 1.54G/2.82G [01:33<00:49, 27.8MB/s]
 55%|#####4    | 1.55G/2.82G [01:33<00:46, 29.3MB/s]
 55%|#####4    | 1.55G/2.82G [01:33<00:46, 29.5MB/s]
 55%|#####5    | 1.55G/2.82G [01:34<02:38, 8.61MB/s]
 55%|#####5    | 1.56G/2.82G [01:34<02:02, 11.1MB/s]
 55%|#####5    | 1.56G/2.82G [01:34<01:36, 14.0MB/s]
 55%|#####5    | 1.57G/2.82G [01:35<01:17, 17.4MB/s]
 56%|#####5    | 1.57G/2.82G [01:35<01:12, 18.6MB/s]
 56%|#####5    | 1.57G/2.82G [01:35<01:01, 21.9MB/s]
 56%|#####5    | 1.58G/2.82G [01:35<00:52, 25.3MB/s]
 56%|#####6    | 1.58G/2.82G [01:35<00:51, 25.6MB/s]
 56%|#####6    | 1.59G/2.82G [01:36<01:13, 18.0MB/s]
 56%|#####6    | 1.59G/2.82G [01:36<00:54, 24.1MB/s]
 57%|#####6    | 1.60G/2.82G [01:36<00:59, 22.1MB/s]
 57%|#####6    | 1.60G/2.82G [01:36<00:54, 24.2MB/s]
 57%|#####6    | 1.60G/2.82G [01:37<02:02, 10.7MB/s]
 57%|#####6    | 1.61G/2.82G [01:37<01:35, 13.7MB/s]
 57%|#####7    | 1.61G/2.82G [01:37<01:17, 16.9MB/s]
 57%|#####7    | 1.62G/2.82G [01:37<01:03, 20.3MB/s]
 57%|#####7    | 1.62G/2.82G [01:38<01:09, 18.6MB/s]
 57%|#####7    | 1.62G/2.82G [01:38<00:58, 22.2MB/s]
 58%|#####7    | 1.63G/2.82G [01:38<00:53, 23.9MB/s]
 58%|#####7    | 1.63G/2.82G [01:38<00:47, 26.9MB/s]
 58%|#####7    | 1.63G/2.82G [01:38<00:53, 23.8MB/s]
 58%|#####7    | 1.64G/2.82G [01:39<02:08, 9.93MB/s]
 58%|#####8    | 1.64G/2.82G [01:39<01:37, 13.0MB/s]
 58%|#####8    | 1.65G/2.82G [01:39<01:12, 17.5MB/s]
 58%|#####8    | 1.65G/2.82G [01:39<01:00, 20.7MB/s]
 59%|#####8    | 1.65G/2.82G [01:39<00:58, 21.6MB/s]
 59%|#####8    | 1.66G/2.82G [01:40<00:52, 24.1MB/s]
 59%|#####8    | 1.66G/2.82G [01:40<01:04, 19.4MB/s]
 59%|#####8    | 1.67G/2.82G [01:40<00:55, 22.4MB/s]
 59%|#####9    | 1.67G/2.82G [01:41<02:00, 10.3MB/s]
 59%|#####9    | 1.67G/2.82G [01:41<01:41, 12.2MB/s]
 59%|#####9    | 1.68G/2.82G [01:41<01:19, 15.4MB/s]
 60%|#####9    | 1.68G/2.82G [01:41<01:04, 19.0MB/s]
 60%|#####9    | 1.68G/2.82G [01:41<00:53, 22.8MB/s]
 60%|#####9    | 1.69G/2.82G [01:42<00:50, 24.0MB/s]
 60%|#####9    | 1.69G/2.82G [01:42<01:18, 15.5MB/s]
 60%|######    | 1.70G/2.82G [01:42<01:04, 18.7MB/s]
 60%|######    | 1.70G/2.82G [01:42<00:53, 22.4MB/s]
 60%|######    | 1.70G/2.82G [01:43<01:10, 17.0MB/s]
 60%|######    | 1.71G/2.82G [01:43<01:02, 19.1MB/s]
 61%|######    | 1.71G/2.82G [01:43<00:54, 22.1MB/s]
 61%|######    | 1.71G/2.82G [01:43<00:48, 24.6MB/s]
 61%|######    | 1.72G/2.82G [01:43<00:44, 26.9MB/s]
 61%|######    | 1.72G/2.82G [01:44<01:57, 10.1MB/s]
 61%|######1   | 1.72G/2.82G [01:44<01:29, 13.1MB/s]
 61%|######1   | 1.73G/2.82G [01:44<01:10, 16.7MB/s]
 61%|######1   | 1.73G/2.82G [01:44<01:01, 18.9MB/s]
 61%|######1   | 1.74G/2.82G [01:45<01:02, 18.7MB/s]
 62%|######1   | 1.74G/2.82G [01:45<00:45, 25.3MB/s]
 62%|######1   | 1.75G/2.82G [01:45<00:41, 28.2MB/s]
 62%|######1   | 1.75G/2.82G [01:45<00:39, 29.0MB/s]
 62%|######2   | 1.75G/2.82G [01:46<02:19, 8.26MB/s]
 62%|######2   | 1.76G/2.82G [01:46<01:47, 10.7MB/s]
 62%|######2   | 1.76G/2.82G [01:47<01:23, 13.6MB/s]
 63%|######2   | 1.76G/2.82G [01:47<01:08, 16.7MB/s]
 63%|######2   | 1.77G/2.82G [01:47<00:56, 19.9MB/s]
 63%|######2   | 1.77G/2.82G [01:47<00:46, 24.0MB/s]
 63%|######2   | 1.78G/2.82G [01:47<00:39, 28.1MB/s]
 63%|######3   | 1.78G/2.82G [01:47<00:36, 30.5MB/s]
 63%|######3   | 1.79G/2.82G [01:48<00:55, 20.0MB/s]
 63%|######3   | 1.79G/2.82G [01:48<00:47, 23.2MB/s]
 64%|######3   | 1.79G/2.82G [01:48<00:43, 25.3MB/s]
 64%|######3   | 1.80G/2.82G [01:49<01:51, 9.90MB/s]
 64%|######3   | 1.80G/2.82G [01:49<01:34, 11.6MB/s]
 64%|######3   | 1.80G/2.82G [01:49<01:13, 14.9MB/s]
 64%|######4   | 1.81G/2.82G [01:49<00:56, 19.3MB/s]
 64%|######4   | 1.81G/2.82G [01:49<00:45, 23.7MB/s]
 64%|######4   | 1.82G/2.82G [01:50<01:02, 17.2MB/s]
 65%|######4   | 1.82G/2.82G [01:50<00:53, 20.2MB/s]
 65%|######4   | 1.83G/2.82G [01:50<00:48, 22.0MB/s]
 65%|######4   | 1.83G/2.82G [01:50<00:42, 25.0MB/s]
 65%|######4   | 1.83G/2.82G [01:51<01:39, 10.7MB/s]
 65%|######5   | 1.84G/2.82G [01:51<01:26, 12.3MB/s]
 65%|######5   | 1.84G/2.82G [01:51<01:07, 15.7MB/s]
 65%|######5   | 1.84G/2.82G [01:51<00:51, 20.3MB/s]
 66%|######5   | 1.85G/2.82G [01:51<00:47, 22.2MB/s]
 66%|######5   | 1.86G/2.82G [01:52<00:33, 30.7MB/s]
 66%|######5   | 1.86G/2.82G [01:52<00:31, 33.1MB/s]
 66%|######6   | 1.87G/2.82G [01:53<01:56, 8.85MB/s]
 66%|######6   | 1.87G/2.82G [01:53<01:27, 11.7MB/s]
 66%|######6   | 1.88G/2.82G [01:53<01:08, 14.9MB/s]
 67%|######6   | 1.88G/2.82G [01:54<00:56, 17.9MB/s]
 67%|######6   | 1.88G/2.82G [01:54<00:48, 20.8MB/s]
 67%|######6   | 1.89G/2.82G [01:54<00:43, 23.3MB/s]
 67%|######6   | 1.89G/2.82G [01:54<00:39, 25.6MB/s]
 67%|######7   | 1.89G/2.82G [01:54<00:34, 28.6MB/s]
 67%|######7   | 1.90G/2.82G [01:55<01:05, 15.1MB/s]
 67%|######7   | 1.90G/2.82G [01:55<00:57, 17.2MB/s]
 67%|######7   | 1.91G/2.82G [01:55<00:48, 20.2MB/s]
 68%|######7   | 1.91G/2.82G [01:55<00:41, 23.5MB/s]
 68%|######7   | 1.91G/2.82G [01:55<00:38, 25.7MB/s]
 68%|######7   | 1.92G/2.82G [01:56<01:01, 15.9MB/s]
 68%|######8   | 1.92G/2.82G [01:56<00:47, 20.5MB/s]
 68%|######8   | 1.92G/2.82G [01:56<00:53, 17.9MB/s]
 68%|######8   | 1.93G/2.82G [01:56<00:44, 21.4MB/s]
 68%|######8   | 1.93G/2.82G [01:57<01:36, 9.97MB/s]
 69%|######8   | 1.93G/2.82G [01:57<01:21, 11.7MB/s]
 69%|######8   | 1.94G/2.82G [01:57<01:02, 15.2MB/s]
 69%|######8   | 1.94G/2.82G [01:57<00:47, 20.1MB/s]
 69%|######8   | 1.95G/2.82G [01:57<00:39, 23.6MB/s]
 69%|######9   | 1.95G/2.82G [01:58<00:34, 26.9MB/s]
 69%|######9   | 1.96G/2.82G [01:58<00:32, 28.9MB/s]
 69%|######9   | 1.96G/2.82G [01:58<00:30, 30.9MB/s]
 70%|######9   | 1.96G/2.82G [01:59<01:43, 8.91MB/s]
 70%|######9   | 1.97G/2.82G [01:59<01:26, 10.6MB/s]
 70%|######9   | 1.97G/2.82G [01:59<01:06, 13.8MB/s]
 70%|######9   | 1.97G/2.82G [01:59<00:53, 17.1MB/s]
 70%|#######   | 1.98G/2.82G [01:59<00:45, 20.1MB/s]
 70%|#######   | 1.98G/2.82G [02:00<00:37, 23.9MB/s]
 70%|#######   | 1.99G/2.82G [02:00<00:33, 26.9MB/s]
 70%|#######   | 1.99G/2.82G [02:00<00:31, 28.9MB/s]
 71%|#######   | 1.99G/2.82G [02:00<00:28, 31.6MB/s]
 71%|#######   | 2.00G/2.82G [02:01<01:24, 10.6MB/s]
 71%|#######   | 2.00G/2.82G [02:01<01:10, 12.5MB/s]
 71%|#######1  | 2.00G/2.82G [02:01<00:52, 16.8MB/s]
 71%|#######1  | 2.01G/2.82G [02:01<00:41, 21.3MB/s]
 71%|#######1  | 2.01G/2.82G [02:02<00:43, 20.0MB/s]
 72%|#######1  | 2.02G/2.82G [02:02<00:34, 25.1MB/s]
 72%|#######1  | 2.02G/2.82G [02:02<00:30, 28.1MB/s]
 72%|#######1  | 2.03G/2.82G [02:02<00:29, 29.3MB/s]
 72%|#######1  | 2.03G/2.82G [02:03<01:44, 8.17MB/s]
 72%|#######2  | 2.03G/2.82G [02:03<01:26, 9.83MB/s]
 72%|#######2  | 2.04G/2.82G [02:03<01:05, 12.9MB/s]
 72%|#######2  | 2.04G/2.82G [02:04<01:02, 13.4MB/s]
 72%|#######2  | 2.04G/2.82G [02:04<01:01, 13.5MB/s]
 73%|#######2  | 2.05G/2.82G [02:04<00:54, 15.3MB/s]
 73%|#######2  | 2.05G/2.82G [02:04<00:46, 17.7MB/s]
 73%|#######2  | 2.05G/2.82G [02:04<00:39, 21.1MB/s]
 73%|#######2  | 2.06G/2.82G [02:05<00:32, 25.5MB/s]
 73%|#######3  | 2.06G/2.82G [02:05<00:30, 26.7MB/s]
 73%|#######3  | 2.07G/2.82G [02:05<01:01, 13.2MB/s]
 73%|#######3  | 2.07G/2.82G [02:05<00:46, 17.5MB/s]
 74%|#######3  | 2.08G/2.82G [02:06<00:56, 14.1MB/s]
 74%|#######3  | 2.08G/2.82G [02:06<00:43, 18.5MB/s]
 74%|#######3  | 2.08G/2.82G [02:06<00:36, 22.0MB/s]
 74%|#######3  | 2.09G/2.82G [02:06<00:29, 26.5MB/s]
 74%|#######4  | 2.09G/2.82G [02:06<00:26, 30.0MB/s]
 74%|#######4  | 2.10G/2.82G [02:06<00:27, 28.4MB/s]
 74%|#######4  | 2.10G/2.82G [02:07<00:25, 30.7MB/s]
 75%|#######4  | 2.11G/2.82G [02:08<01:25, 9.02MB/s]
 75%|#######4  | 2.11G/2.82G [02:08<01:13, 10.5MB/s]
 75%|#######4  | 2.11G/2.82G [02:08<00:56, 13.6MB/s]
 75%|#######5  | 2.12G/2.82G [02:08<00:42, 17.8MB/s]
 75%|#######5  | 2.12G/2.82G [02:08<00:33, 22.3MB/s]
 75%|#######5  | 2.13G/2.82G [02:09<00:33, 22.1MB/s]
 76%|#######5  | 2.13G/2.82G [02:09<00:22, 32.5MB/s]
 76%|#######5  | 2.14G/2.82G [02:09<00:24, 29.8MB/s]
 76%|#######5  | 2.14G/2.82G [02:10<01:14, 9.85MB/s]
 76%|#######6  | 2.15G/2.82G [02:10<01:03, 11.4MB/s]
 76%|#######6  | 2.15G/2.82G [02:10<00:50, 14.3MB/s]
 76%|#######6  | 2.15G/2.82G [02:11<00:39, 18.3MB/s]
 76%|#######6  | 2.16G/2.82G [02:11<00:31, 22.5MB/s]
 77%|#######6  | 2.16G/2.82G [02:11<00:29, 24.3MB/s]
 77%|#######6  | 2.17G/2.82G [02:11<00:25, 27.5MB/s]
 77%|#######6  | 2.17G/2.82G [02:11<00:22, 30.9MB/s]
 77%|#######7  | 2.18G/2.82G [02:12<00:51, 13.4MB/s]
 77%|#######7  | 2.18G/2.82G [02:12<00:45, 15.3MB/s]
 77%|#######7  | 2.18G/2.82G [02:12<00:34, 19.6MB/s]
 77%|#######7  | 2.19G/2.82G [02:12<00:29, 23.1MB/s]
 78%|#######7  | 2.19G/2.82G [02:12<00:34, 19.6MB/s]
 78%|#######7  | 2.20G/2.82G [02:13<00:29, 23.0MB/s]
 78%|#######7  | 2.20G/2.82G [02:13<00:54, 12.3MB/s]
 78%|#######8  | 2.20G/2.82G [02:13<00:43, 15.3MB/s]
 78%|#######8  | 2.21G/2.82G [02:13<00:35, 18.5MB/s]
 78%|#######8  | 2.21G/2.82G [02:14<00:30, 21.5MB/s]
 78%|#######8  | 2.21G/2.82G [02:14<00:26, 24.4MB/s]
 79%|#######8  | 2.22G/2.82G [02:14<00:23, 27.1MB/s]
 79%|#######8  | 2.22G/2.82G [02:14<00:21, 29.7MB/s]
 79%|#######8  | 2.23G/2.82G [02:15<01:16, 8.36MB/s]
 79%|#######8  | 2.23G/2.82G [02:15<01:04, 9.94MB/s]
 79%|#######9  | 2.23G/2.82G [02:16<00:55, 11.5MB/s]
 79%|#######9  | 2.24G/2.82G [02:16<00:39, 15.9MB/s]
 79%|#######9  | 2.24G/2.82G [02:16<00:32, 19.0MB/s]
 80%|#######9  | 2.25G/2.82G [02:16<00:32, 19.0MB/s]
 80%|#######9  | 2.25G/2.82G [02:16<00:35, 17.5MB/s]
 80%|#######9  | 2.25G/2.82G [02:17<00:32, 18.6MB/s]
 80%|#######9  | 2.26G/2.82G [02:17<00:29, 20.6MB/s]
 80%|########  | 2.26G/2.82G [02:17<00:25, 23.6MB/s]
 80%|########  | 2.26G/2.82G [02:17<00:24, 24.5MB/s]
 80%|########  | 2.27G/2.82G [02:17<00:20, 29.4MB/s]
 81%|########  | 2.27G/2.82G [02:17<00:18, 31.6MB/s]
 81%|########  | 2.28G/2.82G [02:18<00:52, 11.1MB/s]
 81%|########  | 2.28G/2.82G [02:18<00:39, 14.7MB/s]
 81%|########  | 2.29G/2.82G [02:18<00:34, 16.9MB/s]
 81%|########1 | 2.29G/2.82G [02:19<00:27, 21.0MB/s]
 81%|########1 | 2.29G/2.82G [02:19<00:24, 22.9MB/s]
 81%|########1 | 2.30G/2.82G [02:19<00:23, 24.2MB/s]
 82%|########1 | 2.30G/2.82G [02:19<00:25, 21.8MB/s]
 82%|########1 | 2.31G/2.82G [02:19<00:20, 26.5MB/s]
 82%|########1 | 2.31G/2.82G [02:20<00:29, 18.5MB/s]
 82%|########1 | 2.31G/2.82G [02:20<00:25, 21.7MB/s]
 82%|########2 | 2.32G/2.82G [02:20<00:22, 24.4MB/s]
 82%|########2 | 2.32G/2.82G [02:21<01:04, 8.37MB/s]
 82%|########2 | 2.33G/2.82G [02:21<00:42, 12.4MB/s]
 83%|########2 | 2.33G/2.82G [02:21<00:34, 15.2MB/s]
 83%|########2 | 2.34G/2.82G [02:21<00:28, 18.4MB/s]
 83%|########2 | 2.34G/2.82G [02:22<00:22, 22.9MB/s]
 83%|########3 | 2.34G/2.82G [02:22<00:20, 25.2MB/s]
 83%|########3 | 2.35G/2.82G [02:22<00:19, 26.5MB/s]
 83%|########3 | 2.35G/2.82G [02:22<00:23, 21.6MB/s]
 83%|########3 | 2.36G/2.82G [02:23<00:49, 10.1MB/s]
 84%|########3 | 2.36G/2.82G [02:23<00:44, 11.2MB/s]
 84%|########3 | 2.36G/2.82G [02:23<00:34, 14.5MB/s]
 84%|########3 | 2.37G/2.82G [02:23<00:29, 16.5MB/s]
 84%|########4 | 2.37G/2.82G [02:24<00:20, 23.3MB/s]
 84%|########4 | 2.38G/2.82G [02:24<00:17, 27.5MB/s]
 84%|########4 | 2.38G/2.82G [02:24<00:17, 27.3MB/s]
 84%|########4 | 2.38G/2.82G [02:24<00:17, 26.3MB/s]
 85%|########4 | 2.39G/2.82G [02:24<00:15, 29.5MB/s]
 85%|########4 | 2.39G/2.82G [02:25<00:37, 12.4MB/s]
 85%|########4 | 2.40G/2.82G [02:25<00:28, 16.3MB/s]
 85%|########5 | 2.40G/2.82G [02:25<00:23, 19.7MB/s]
 85%|########5 | 2.41G/2.82G [02:25<00:20, 21.7MB/s]
 85%|########5 | 2.41G/2.82G [02:26<00:29, 15.1MB/s]
 85%|########5 | 2.41G/2.82G [02:26<00:24, 18.1MB/s]
 86%|########5 | 2.42G/2.82G [02:26<00:20, 21.4MB/s]
 86%|########5 | 2.42G/2.82G [02:26<00:18, 22.9MB/s]
 86%|########5 | 2.42G/2.82G [02:27<00:44, 9.70MB/s]
 86%|########5 | 2.43G/2.82G [02:27<00:36, 11.7MB/s]
 86%|########6 | 2.43G/2.82G [02:27<00:30, 13.9MB/s]
 86%|########6 | 2.43G/2.82G [02:27<00:23, 17.9MB/s]
 86%|########6 | 2.44G/2.82G [02:28<00:18, 22.7MB/s]
 87%|########6 | 2.44G/2.82G [02:28<00:14, 27.3MB/s]
 87%|########6 | 2.45G/2.82G [02:28<00:13, 29.5MB/s]
 87%|########6 | 2.45G/2.82G [02:28<00:12, 32.8MB/s]
 87%|########7 | 2.46G/2.82G [02:28<00:11, 34.5MB/s]
 87%|########7 | 2.46G/2.82G [02:29<00:34, 11.4MB/s]
 87%|########7 | 2.46G/2.82G [02:29<00:26, 14.3MB/s]
 87%|########7 | 2.47G/2.82G [02:29<00:21, 17.6MB/s]
 88%|########7 | 2.47G/2.82G [02:29<00:17, 22.0MB/s]
 88%|########7 | 2.48G/2.82G [02:30<00:21, 17.6MB/s]
 88%|########7 | 2.48G/2.82G [02:30<00:18, 20.3MB/s]
 88%|########8 | 2.48G/2.82G [02:30<00:15, 23.2MB/s]
 88%|########8 | 2.49G/2.82G [02:30<00:14, 25.6MB/s]
 88%|########8 | 2.49G/2.82G [02:31<00:33, 10.6MB/s]
 88%|########8 | 2.50G/2.82G [02:31<00:27, 12.6MB/s]
 89%|########8 | 2.50G/2.82G [02:31<00:20, 17.0MB/s]
 89%|########8 | 2.50G/2.82G [02:31<00:19, 17.8MB/s]
 89%|########8 | 2.51G/2.82G [02:32<00:16, 20.4MB/s]
 89%|########8 | 2.51G/2.82G [02:32<00:15, 21.7MB/s]
 89%|########9 | 2.51G/2.82G [02:32<00:14, 22.8MB/s]
 89%|########9 | 2.52G/2.82G [02:32<00:13, 24.1MB/s]
 89%|########9 | 2.52G/2.82G [02:32<00:13, 24.6MB/s]
 89%|########9 | 2.52G/2.82G [02:33<00:44, 7.22MB/s]
 90%|########9 | 2.53G/2.82G [02:33<00:31, 9.97MB/s]
 90%|########9 | 2.53G/2.82G [02:34<00:23, 13.3MB/s]
 90%|########9 | 2.54G/2.82G [02:34<00:17, 17.8MB/s]
 90%|######### | 2.54G/2.82G [02:34<00:13, 22.5MB/s]
 90%|######### | 2.54G/2.82G [02:34<00:12, 24.4MB/s]
 90%|######### | 2.55G/2.82G [02:34<00:11, 25.1MB/s]
 90%|######### | 2.55G/2.82G [02:34<00:10, 27.6MB/s]
 91%|######### | 2.56G/2.82G [02:35<00:27, 10.5MB/s]
 91%|######### | 2.56G/2.82G [02:35<00:21, 12.9MB/s]
 91%|######### | 2.57G/2.82G [02:35<00:15, 17.3MB/s]
 91%|#########1| 2.57G/2.82G [02:36<00:14, 18.7MB/s]
 91%|#########1| 2.57G/2.82G [02:36<00:12, 21.8MB/s]
 91%|#########1| 2.58G/2.82G [02:36<00:12, 21.9MB/s]
 91%|#########1| 2.58G/2.82G [02:36<00:11, 23.0MB/s]
 92%|#########1| 2.58G/2.82G [02:36<00:09, 27.8MB/s]
 92%|#########1| 2.59G/2.82G [02:36<00:08, 29.4MB/s]
 92%|#########1| 2.59G/2.82G [02:37<00:19, 12.5MB/s]
 92%|#########1| 2.60G/2.82G [02:37<00:15, 15.7MB/s]
 92%|#########2| 2.60G/2.82G [02:37<00:11, 20.1MB/s]
 92%|#########2| 2.61G/2.82G [02:38<00:12, 18.0MB/s]
 92%|#########2| 2.61G/2.82G [02:38<00:19, 11.6MB/s]
 93%|#########2| 2.61G/2.82G [02:38<00:15, 14.5MB/s]
 93%|#########2| 2.62G/2.82G [02:38<00:12, 17.4MB/s]
 93%|#########2| 2.62G/2.82G [02:39<00:11, 19.4MB/s]
 93%|#########2| 2.62G/2.82G [02:39<00:09, 22.7MB/s]
 93%|#########3| 2.63G/2.82G [02:39<00:08, 25.9MB/s]
 93%|#########3| 2.63G/2.82G [02:39<00:07, 27.9MB/s]
 93%|#########3| 2.63G/2.82G [02:39<00:13, 15.1MB/s]
 93%|#########3| 2.64G/2.82G [02:40<00:10, 18.3MB/s]
 94%|#########3| 2.64G/2.82G [02:40<00:09, 21.2MB/s]
 94%|#########3| 2.65G/2.82G [02:40<00:07, 24.2MB/s]
 94%|#########3| 2.65G/2.82G [02:40<00:06, 27.2MB/s]
 94%|#########4| 2.65G/2.82G [02:40<00:06, 28.5MB/s]
 94%|#########4| 2.66G/2.82G [02:41<00:16, 10.6MB/s]
 94%|#########4| 2.66G/2.82G [02:41<00:12, 13.6MB/s]
 94%|#########4| 2.67G/2.82G [02:41<00:09, 17.8MB/s]
 95%|#########4| 2.67G/2.82G [02:42<00:10, 16.1MB/s]
 95%|#########4| 2.68G/2.82G [02:42<00:08, 19.1MB/s]
 95%|#########4| 2.68G/2.82G [02:42<00:07, 22.0MB/s]
 95%|#########5| 2.68G/2.82G [02:42<00:06, 24.7MB/s]
 95%|#########5| 2.69G/2.82G [02:42<00:05, 26.8MB/s]
 95%|#########5| 2.69G/2.82G [02:43<00:11, 11.9MB/s]
 96%|#########5| 2.70G/2.82G [02:43<00:08, 15.9MB/s]
 96%|#########5| 2.70G/2.82G [02:43<00:06, 19.0MB/s]
 96%|#########5| 2.71G/2.82G [02:44<00:10, 12.2MB/s]
 96%|#########5| 2.71G/2.82G [02:44<00:09, 12.9MB/s]
 96%|#########6| 2.71G/2.82G [02:44<00:06, 16.9MB/s]
 96%|#########6| 2.72G/2.82G [02:44<00:05, 20.3MB/s]
 96%|#########6| 2.72G/2.82G [02:45<00:05, 21.0MB/s]
 97%|#########6| 2.72G/2.82G [02:45<00:04, 24.6MB/s]
 97%|#########6| 2.73G/2.82G [02:45<00:03, 27.3MB/s]
 97%|#########6| 2.73G/2.82G [02:45<00:03, 30.8MB/s]
 97%|#########6| 2.74G/2.82G [02:45<00:03, 30.4MB/s]
 97%|#########7| 2.74G/2.82G [02:46<00:09, 8.86MB/s]
 97%|#########7| 2.75G/2.82G [02:46<00:06, 12.1MB/s]
 97%|#########7| 2.75G/2.82G [02:47<00:04, 15.7MB/s]
 98%|#########7| 2.76G/2.82G [02:47<00:03, 19.9MB/s]
 98%|#########7| 2.76G/2.82G [02:47<00:02, 22.9MB/s]
 98%|#########7| 2.76G/2.82G [02:47<00:02, 26.9MB/s]
 98%|#########8| 2.77G/2.82G [02:47<00:01, 29.4MB/s]
 98%|#########8| 2.77G/2.82G [02:49<00:06, 7.85MB/s]
 98%|#########8| 2.78G/2.82G [02:49<00:04, 10.1MB/s]
 98%|#########8| 2.78G/2.82G [02:49<00:03, 12.9MB/s]
 99%|#########8| 2.78G/2.82G [02:49<00:02, 16.1MB/s]
 99%|#########8| 2.79G/2.82G [02:49<00:02, 16.6MB/s]
 99%|#########8| 2.79G/2.82G [02:49<00:01, 17.8MB/s]
 99%|#########9| 2.80G/2.82G [02:49<00:01, 22.1MB/s]
 99%|#########9| 2.80G/2.82G [02:50<00:00, 25.0MB/s]
 99%|#########9| 2.80G/2.82G [02:50<00:00, 25.1MB/s]
 99%|#########9| 2.81G/2.82G [02:50<00:00, 21.9MB/s]
100%|#########9| 2.81G/2.82G [02:50<00:00, 22.5MB/s]
100%|#########9| 2.82G/2.82G [02:50<00:00, 23.3MB/s]
100%|#########9| 2.82G/2.82G [02:50<00:00, 26.2MB/s]
100%|#########9| 2.82G/2.82G [02:51<00:00, 25.7MB/s]
100%|##########| 2.82G/2.82G [02:51<00:00, 17.7MB/s]

   OK prinprin/coffee-leaf-disease descargado en C:\Users\USER\OneDrive - Universidad Autonoma de Occidente\7 mo semestre\IA\IA_Proyecto\IA_Entrega_Final\01_datos\imagenes_cafe\raw\coffee_leaf

[manifest] Construyendo manifest_raw.csv ...
   OK 65075 imagenes en manifest_raw.csv

======================================================================
 RESUMEN
======================================================================
  rocole         : OK
  bracol         : OK
  jmuben         : OK
  coffee_leaf    : OK

Siguiente: python 06_consolidar_imagenes.py

======================================================================
[geografia] 05_descargar_dem_suelos.py
======================================================================
C:\Users\USER\AppData\Local\Packages\PythonSoftwareFoundation.Python.3.12_qbz5n2kfra8p0\LocalCache\local-packages\Python312\site-packages\requests\__init__.py:113: RequestsDependencyWarning: urllib3 (2.7.0) or chardet (7.2.0)/charset_normalizer (3.4.1) doesn't match a supported version!
  warnings.warn(
======================================================================
 Descarga DEM + Suelos (variables agronomicas)
======================================================================

[DEM] consultando altitud SRTM via Open-Elevation ...
   Neiva              (Huila         ) -> 459.0 msnm
   Medellin           (Antioquia     ) -> 1481.0 msnm
   Pasto              (Narino        ) -> 2549.0 msnm
   Manizales          (Caldas        ) -> 2107.0 msnm
   Armenia            (Quindio       ) -> 1480.0 msnm
   Pereira            (Risaralda     ) -> 1411.0 msnm
   Ibague             (Tolima        ) -> 1225.0 msnm
   Cali               (Valle         ) -> 1016.0 msnm
   Popayan            (Cauca         ) -> 1729.0 msnm
   Florencia          (Caqueta       ) -> 264.0 msnm
   Cucuta             (N. Santander  ) -> 310.0 msnm
   Bucaramanga        (Santander     ) -> 968.0 msnm
   Tunja              (Boyaca        ) -> 2694.0 msnm
   Agua de Dios       (Cundinamarca  ) -> 382.0 msnm
   Monteria           (Cordoba       ) -> 20.0 msnm
   Riohacha           (Guajira       ) -> 7.0 msnm
   Santa Marta        (Magdalena     ) -> 13.0 msnm
   Villamaria         (Caldas        ) -> 1867.0 msnm
   Salento            (Quindio       ) -> 1990.0 msnm
   Salamina           (Caldas        ) -> 1781.0 msnm
   Marsella           (Risaralda     ) -> 1544.0 msnm

   OK dem_municipal_altitud.csv: 21 municipios

[SoilGrids] consultando suelos (parser v4 con offsets rurales) ...
   nota: SoilGrids devuelve null en zonas urbanas/agua. Si el centro
         del municipio falla, el script reintenta con offset 5-10 km.
   [debug] respuesta cruda dumpeada a soilgrids_debug_response.json
   Neiva              pH=5.75  SOC=23.7
   Medellin           pH=5.00  SOC=88.5
   Pasto              pH=5.50  SOC=89.9
   Manizales          pH=5.40  SOC=66.0
   Armenia            pH=5.50  SOC=36.3
   Pereira            pH=5.30  SOC=40.3
   Ibague             pH=5.40  SOC=58.8
   Cali               pH=5.42  SOC=46.6
   Popayan            pH=5.30  SOC=50.2
   Florencia          pH=5.00  SOC=25.9
   Cucuta             pH=5.62  SOC=24.6
   Bucaramanga        pH=5.20  SOC=41.5
   Tunja              pH=6.25  SOC=51.6
   Agua de Dios       pH=5.40  SOC=28.4
   Monteria           pH=5.62  SOC=44.4
   Riohacha           pH=6.63  SOC=16.4
   Santa Marta        pH=6.20  SOC=62.8
   Villamaria         pH=5.40  SOC=54.0
   Salento            pH=5.05  SOC=56.0
   Salamina           pH=5.10  SOC=73.7
   Marsella           pH=5.32  SOC=40.9

   OK soilgrids_municipal.csv: 21 municipios (21 con pH valido)

  altitud OK : 21/21
  suelos OK  : 21/21

OK Listo.

======================================================================
[consolidar] 06_consolidar_imagenes.py
======================================================================
======================================================================
 Consolidacion de imagenes cafe - todas las fuentes
======================================================================
[recoleccion] escaneando imagenes raw ...
   incluyendo CALIBRO desde C:\Users\USER\OneDrive - Universidad Autonoma de Occidente\7 mo semestre\IA\IA_Proyecto\IA_Segunda_Entrega\datasets\calibro_imagenes
   OK 53965 imagenes con clase canonica detectada

   Distribucion por clase:
     Gotera      : 32
     Miner       : 16978
     Phoma       : 6571
     Roya        : 9825
     Sano        : 20559

[copiar] organizando archivos ...
   OK manifest_consolidado.csv: 53965 imagenes

   train: 37773
   val:   8091
   test:  8101

OK Listo. Imagenes consolidadas en C:\Users\USER\OneDrive - Universidad Autonoma de Occidente\7 mo semestre\IA\IA_Proyecto\IA_Entrega_Final\01_datos\imagenes_cafe
   Siguiente: 02_notebooks/NB08_CNN_dataset_ampliado.ipynb
